<?xml version="1.0" encoding="UTF-8"?>
<coverage generated="1611884614367" clover="3.2.0">
  <project timestamp="1611884614367" name="All files">
    <metrics statements="376" coveredstatements="368" conditionals="146" coveredconditionals="137" methods="57" coveredmethods="55" elements="579" coveredelements="560" complexity="0" loc="376" ncloc="376" packages="6" files="9" classes="9"/>
    <package name="src">
      <metrics statements="24" coveredstatements="21" conditionals="0" coveredconditionals="0" methods="6" coveredmethods="4"/>
      <file name="routes.ts" path="/home/lucas/teste/cubos-desafio-tecnico-backend/src/routes.ts">
        <metrics statements="8" coveredstatements="8" conditionals="0" coveredconditionals="0" methods="0" coveredmethods="0"/>
        <line num="1" count="1" type="stmt"/>
        <line num="2" count="1" type="stmt"/>
        <line num="4" count="1" type="stmt"/>
        <line num="5" count="1" type="stmt"/>
        <line num="6" count="1" type="stmt"/>
        <line num="7" count="1" type="stmt"/>
        <line num="8" count="1" type="stmt"/>
        <line num="13" count="1" type="stmt"/>
      </file>
      <file name="server.ts" path="/home/lucas/teste/cubos-desafio-tecnico-backend/src/server.ts">
        <metrics statements="16" coveredstatements="13" conditionals="0" coveredconditionals="0" methods="6" coveredmethods="4"/>
        <line num="1" count="1" type="stmt"/>
        <line num="3" count="1" type="stmt"/>
        <line num="4" count="1" type="stmt"/>
        <line num="11" count="1" type="stmt"/>
        <line num="15" count="4" type="stmt"/>
        <line num="16" count="4" type="stmt"/>
        <line num="17" count="4" type="stmt"/>
        <line num="22" count="1" type="stmt"/>
        <line num="23" count="0" type="stmt"/>
        <line num="24" count="0" type="stmt"/>
        <line num="25" count="0" type="stmt"/>
        <line num="28" count="1" type="stmt"/>
        <line num="29" count="4" type="stmt"/>
        <line num="32" count="1" type="stmt"/>
        <line num="33" count="4" type="stmt"/>
        <line num="37" count="1" type="stmt"/>
      </file>
    </package>
    <package name="src.controller">
      <metrics statements="27" coveredstatements="27" conditionals="4" coveredconditionals="3" methods="5" coveredmethods="5"/>
      <file name="scheduleController.ts" path="/home/lucas/teste/cubos-desafio-tecnico-backend/src/controller/scheduleController.ts">
        <metrics statements="27" coveredstatements="27" conditionals="4" coveredconditionals="3" methods="5" coveredmethods="5"/>
        <line num="3" count="1" type="stmt"/>
        <line num="6" count="1" type="stmt"/>
        <line num="12" count="1" type="stmt"/>
        <line num="13" count="14" type="stmt"/>
        <line num="17" count="14" type="cond" truecount="2" falsecount="0"/>
        <line num="18" count="3" type="stmt"/>
        <line num="20" count="11" type="stmt"/>
        <line num="23" count="14" type="stmt"/>
        <line num="24" count="5" type="cond" truecount="1" falsecount="1"/>
        <line num="25" count="5" type="stmt"/>
        <line num="28" count="9" type="stmt"/>
        <line num="33" count="1" type="stmt"/>
        <line num="35" count="2" type="stmt"/>
        <line num="36" count="1" type="stmt"/>
        <line num="38" count="1" type="stmt"/>
        <line num="44" count="1" type="stmt"/>
        <line num="45" count="1" type="stmt"/>
        <line num="49" count="1" type="stmt"/>
        <line num="51" count="10" type="stmt"/>
        <line num="52" count="10" type="stmt"/>
        <line num="54" count="10" type="stmt"/>
        <line num="55" count="10" type="stmt"/>
        <line num="56" count="2" type="stmt"/>
        <line num="58" count="8" type="stmt"/>
        <line num="61" count="8" type="stmt"/>
        <line num="65" count="1" type="stmt"/>
        <line num="67" count="1" type="stmt"/>
      </file>
    </package>
    <package name="src.dao">
      <metrics statements="69" coveredstatements="64" conditionals="28" coveredconditionals="23" methods="8" coveredmethods="8"/>
      <file name="scheduleDao.ts" path="/home/lucas/teste/cubos-desafio-tecnico-backend/src/dao/scheduleDao.ts">
        <metrics statements="69" coveredstatements="64" conditionals="28" coveredconditionals="23" methods="8" coveredmethods="8"/>
        <line num="1" count="1" type="stmt"/>
        <line num="3" count="1" type="stmt"/>
        <line num="4" count="1" type="stmt"/>
        <line num="6" count="1" type="stmt"/>
        <line num="8" count="1" type="stmt"/>
        <line num="13" count="1" type="stmt"/>
        <line num="15" count="5" type="stmt"/>
        <line num="19" count="5" type="cond" truecount="2" falsecount="0"/>
        <line num="20" count="1" type="stmt"/>
        <line num="21" count="1" type="cond" truecount="1" falsecount="1"/>
        <line num="24" count="4" type="stmt"/>
        <line num="25" count="4" type="stmt"/>
        <line num="26" count="4" type="cond" truecount="1" falsecount="1"/>
        <line num="27" count="4" type="stmt"/>
        <line num="28" count="4" type="stmt"/>
        <line num="33" count="4" type="cond" truecount="1" falsecount="1"/>
        <line num="35" count="4" type="stmt"/>
        <line num="36" count="4" type="stmt"/>
        <line num="38" count="0" type="stmt"/>
        <line num="41" count="5" type="stmt"/>
        <line num="44" count="0" type="stmt"/>
        <line num="48" count="1" type="stmt"/>
        <line num="49" count="2" type="stmt"/>
        <line num="50" count="2" type="stmt"/>
        <line num="53" count="2" type="stmt"/>
        <line num="54" count="13" type="cond" truecount="2" falsecount="0"/>
        <line num="55" count="1" type="stmt"/>
        <line num="56" count="1" type="stmt"/>
        <line num="58" count="12" type="stmt"/>
        <line num="61" count="2" type="cond" truecount="2" falsecount="0"/>
        <line num="62" count="1" type="stmt"/>
        <line num="63" count="1" type="stmt"/>
        <line num="65" count="1" type="stmt"/>
        <line num="70" count="1" type="stmt"/>
        <line num="71" count="17" type="stmt"/>
        <line num="72" count="17" type="stmt"/>
        <line num="73" count="16" type="cond" truecount="1" falsecount="1"/>
        <line num="74" count="16" type="stmt"/>
        <line num="76" count="0" type="stmt"/>
        <line num="79" count="1" type="stmt"/>
        <line num="84" count="1" type="stmt"/>
        <line num="89" count="2" type="stmt"/>
        <line num="90" count="2" type="stmt"/>
        <line num="91" count="2" type="cond" truecount="1" falsecount="1"/>
        <line num="92" count="2" type="stmt"/>
        <line num="93" count="2" type="stmt"/>
        <line num="94" count="67" type="stmt"/>
        <line num="95" count="402" type="stmt"/>
        <line num="97" count="402" type="cond" truecount="2" falsecount="0"/>
        <line num="99" count="134" type="stmt"/>
        <line num="101" count="402" type="cond" truecount="2" falsecount="0"/>
        <line num="103" count="134" type="cond" truecount="2" falsecount="0"/>
        <line num="104" count="1" type="stmt"/>
        <line num="108" count="402" type="cond" truecount="2" falsecount="0"/>
        <line num="109" count="134" type="cond" truecount="2" falsecount="0"/>
        <line num="110" count="78" type="stmt"/>
        <line num="116" count="2" type="stmt"/>
        <line num="117" count="67" type="stmt"/>
        <line num="118" count="67" type="stmt"/>
        <line num="124" count="2" type="stmt"/>
        <line num="127" count="0" type="stmt"/>
        <line num="130" count="0" type="stmt"/>
        <line num="136" count="1" type="stmt"/>
        <line num="137" count="213" type="stmt"/>
        <line num="138" count="213" type="cond" truecount="2" falsecount="0"/>
        <line num="139" count="146" type="stmt"/>
        <line num="141" count="213" type="stmt"/>
        <line num="146" count="1" type="stmt"/>
        <line num="148" count="1" type="stmt"/>
      </file>
    </package>
    <package name="src.model">
      <metrics statements="16" coveredstatements="16" conditionals="0" coveredconditionals="0" methods="4" coveredmethods="4"/>
      <file name="schedule.ts" path="/home/lucas/teste/cubos-desafio-tecnico-backend/src/model/schedule.ts">
        <metrics statements="16" coveredstatements="16" conditionals="0" coveredconditionals="0" methods="4" coveredmethods="4"/>
        <line num="4" count="1" type="stmt"/>
        <line num="13" count="11" type="stmt"/>
        <line num="14" count="11" type="stmt"/>
        <line num="15" count="11" type="stmt"/>
        <line num="16" count="11" type="stmt"/>
        <line num="17" count="11" type="stmt"/>
        <line num="21" count="1" type="stmt"/>
        <line num="22" count="11" type="stmt"/>
        <line num="23" count="11" type="stmt"/>
        <line num="24" count="11" type="stmt"/>
        <line num="25" count="11" type="stmt"/>
        <line num="27" count="1" type="stmt"/>
        <line num="28" count="33" type="stmt"/>
        <line num="29" count="33" type="stmt"/>
        <line num="30" count="33" type="stmt"/>
        <line num="32" count="1" type="stmt"/>
      </file>
    </package>
    <package name="src.service">
      <metrics statements="86" coveredstatements="86" conditionals="31" coveredconditionals="30" methods="7" coveredmethods="7"/>
      <file name="scheduleService.ts" path="/home/lucas/teste/cubos-desafio-tecnico-backend/src/service/scheduleService.ts">
        <metrics statements="86" coveredstatements="86" conditionals="31" coveredconditionals="30" methods="7" coveredmethods="7"/>
        <line num="2" count="1" type="stmt"/>
        <line num="3" count="1" type="stmt"/>
        <line num="4" count="1" type="stmt"/>
        <line num="5" count="1" type="stmt"/>
        <line num="6" count="1" type="stmt"/>
        <line num="9" count="1" type="stmt"/>
        <line num="12" count="1" type="stmt"/>
        <line num="14" count="14" type="stmt"/>
        <line num="15" count="14" type="stmt"/>
        <line num="16" count="16" type="stmt"/>
        <line num="19" count="16" type="stmt"/>
        <line num="20" count="12" type="stmt"/>
        <line num="21" count="12" type="stmt"/>
        <line num="23" count="5" type="stmt"/>
        <line num="24" count="5" type="stmt"/>
        <line num="25" count="3" type="stmt"/>
        <line num="26" count="3" type="stmt"/>
        <line num="30" count="3" type="stmt"/>
        <line num="31" count="3" type="stmt"/>
        <line num="32" count="3" type="stmt"/>
        <line num="33" count="2" type="stmt"/>
        <line num="34" count="2" type="stmt"/>
        <line num="38" count="3" type="stmt"/>
        <line num="39" count="3" type="stmt"/>
        <line num="40" count="3" type="stmt"/>
        <line num="41" count="2" type="stmt"/>
        <line num="42" count="2" type="stmt"/>
        <line num="45" count="1" type="stmt"/>
        <line num="48" count="5" type="stmt"/>
        <line num="49" count="5" type="stmt"/>
        <line num="53" count="1" type="stmt"/>
        <line num="55" count="11" type="cond" truecount="4" falsecount="0"/>
        <line num="56" count="28" type="stmt"/>
        <line num="57" count="28" type="stmt"/>
        <line num="59" count="14" type="cond" truecount="4" falsecount="0"/>
        <line num="62" count="10" type="stmt"/>
        <line num="63" count="10" type="stmt"/>
        <line num="65" count="10" type="stmt"/>
        <line num="67" count="12" type="stmt"/>
        <line num="73" count="6" type="cond" truecount="2" falsecount="0"/>
        <line num="74" count="3" type="stmt"/>
        <line num="76" count="3" type="stmt"/>
        <line num="77" count="3" type="stmt"/>
        <line num="81" count="6" type="cond" truecount="2" falsecount="0"/>
        <line num="82" count="5" type="stmt"/>
        <line num="83" count="5" type="cond" truecount="1" falsecount="1"/>
        <line num="84" count="5" type="stmt"/>
        <line num="86" count="5" type="stmt"/>
        <line num="87" count="5" type="stmt"/>
        <line num="91" count="5" type="stmt"/>
        <line num="94" count="8" type="cond" truecount="2" falsecount="0"/>
        <line num="95" count="2" type="cond" truecount="2" falsecount="0"/>
        <line num="96" count="1" type="stmt"/>
        <line num="98" count="1" type="stmt"/>
        <line num="99" count="1" type="stmt"/>
        <line num="102" count="7" type="stmt"/>
        <line num="112" count="1" type="stmt"/>
        <line num="113" count="2" type="stmt"/>
        <line num="114" count="1" type="stmt"/>
        <line num="117" count="1" type="stmt"/>
        <line num="118" count="15" type="stmt"/>
        <line num="121" count="1" type="stmt"/>
        <line num="122" count="10" type="stmt"/>
        <line num="123" count="5" type="stmt"/>
        <line num="124" count="3" type="stmt"/>
        <line num="125" count="3" type="stmt"/>
        <line num="127" count="3" type="stmt"/>
        <line num="134" count="3" type="cond" truecount="2" falsecount="0"/>
        <line num="135" count="2" type="stmt"/>
        <line num="136" count="65" type="stmt"/>
        <line num="137" count="65" type="stmt"/>
        <line num="139" count="2" type="stmt"/>
        <line num="140" count="2" type="stmt"/>
        <line num="142" count="1" type="stmt"/>
        <line num="149" count="1" type="stmt"/>
        <line num="150" count="68" type="stmt"/>
        <line num="151" count="68" type="stmt"/>
        <line num="152" count="68" type="stmt"/>
        <line num="153" count="68" type="stmt"/>
        <line num="154" count="68" type="cond" truecount="2" falsecount="0"/>
        <line num="155" count="22" type="stmt"/>
        <line num="157" count="68" type="cond" truecount="2" falsecount="0"/>
        <line num="158" count="35" type="stmt"/>
        <line num="160" count="68" type="stmt"/>
        <line num="163" count="1" type="stmt"/>
        <line num="166" count="1" type="stmt"/>
      </file>
    </package>
    <package name="src.utils">
      <metrics statements="154" coveredstatements="154" conditionals="83" coveredconditionals="81" methods="27" coveredmethods="27"/>
      <file name="enums.ts" path="/home/lucas/teste/cubos-desafio-tecnico-backend/src/utils/enums.ts">
        <metrics statements="11" coveredstatements="11" conditionals="4" coveredconditionals="4" methods="2" coveredmethods="2"/>
        <line num="1" count="2" type="cond" truecount="2" falsecount="0"/>
        <line num="2" count="2" type="stmt"/>
        <line num="3" count="2" type="stmt"/>
        <line num="4" count="2" type="stmt"/>
        <line num="5" count="2" type="stmt"/>
        <line num="6" count="2" type="stmt"/>
        <line num="7" count="2" type="stmt"/>
        <line num="10" count="2" type="cond" truecount="2" falsecount="0"/>
        <line num="11" count="2" type="stmt"/>
        <line num="12" count="2" type="stmt"/>
        <line num="13" count="2" type="stmt"/>
      </file>
      <file name="error.ts" path="/home/lucas/teste/cubos-desafio-tecnico-backend/src/utils/error.ts">
        <metrics statements="41" coveredstatements="41" conditionals="2" coveredconditionals="2" methods="15" coveredmethods="15"/>
        <line num="2" count="2" type="stmt"/>
        <line num="4" count="2" type="stmt"/>
        <line num="11" count="74" type="cond" truecount="2" falsecount="0"/>
        <line num="12" count="72" type="stmt"/>
        <line num="13" count="72" type="stmt"/>
        <line num="14" count="72" type="stmt"/>
        <line num="18" count="2" type="stmt"/>
        <line num="19" count="4" type="stmt"/>
        <line num="20" count="4" type="stmt"/>
        <line num="24" count="2" type="stmt"/>
        <line num="25" count="2" type="stmt"/>
        <line num="26" count="2" type="stmt"/>
        <line num="29" count="2" type="stmt"/>
        <line num="30" count="2" type="stmt"/>
        <line num="31" count="2" type="stmt"/>
        <line num="35" count="2" type="stmt"/>
        <line num="36" count="2" type="stmt"/>
        <line num="37" count="2" type="stmt"/>
        <line num="40" count="2" type="stmt"/>
        <line num="41" count="2" type="stmt"/>
        <line num="45" count="2" type="stmt"/>
        <line num="46" count="16" type="stmt"/>
        <line num="47" count="16" type="stmt"/>
        <line num="50" count="2" type="stmt"/>
        <line num="51" count="3" type="stmt"/>
        <line num="52" count="3" type="stmt"/>
        <line num="55" count="2" type="stmt"/>
        <line num="56" count="18" type="stmt"/>
        <line num="57" count="18" type="stmt"/>
        <line num="60" count="2" type="stmt"/>
        <line num="61" count="14" type="stmt"/>
        <line num="62" count="14" type="stmt"/>
        <line num="65" count="2" type="stmt"/>
        <line num="66" count="6" type="stmt"/>
        <line num="69" count="2" type="stmt"/>
        <line num="70" count="1" type="stmt"/>
        <line num="75" count="2" type="stmt"/>
        <line num="76" count="1" type="stmt"/>
        <line num="81" count="2" type="stmt"/>
        <line num="82" count="1" type="stmt"/>
        <line num="87" count="2" type="stmt"/>
      </file>
      <file name="validator.ts" path="/home/lucas/teste/cubos-desafio-tecnico-backend/src/utils/validator.ts">
        <metrics statements="102" coveredstatements="102" conditionals="77" coveredconditionals="75" methods="10" coveredmethods="10"/>
        <line num="3" count="2" type="stmt"/>
        <line num="7" count="2" type="stmt"/>
        <line num="9" count="100" type="stmt"/>
        <line num="10" count="100" type="stmt"/>
        <line num="11" count="100" type="cond" truecount="2" falsecount="0"/>
        <line num="12" count="98" type="stmt"/>
        <line num="13" count="98" type="stmt"/>
        <line num="14" count="98" type="cond" truecount="6" falsecount="0"/>
        <line num="15" count="89" type="stmt"/>
        <line num="21" count="11" type="stmt"/>
        <line num="26" count="2" type="stmt"/>
        <line num="29" count="20" type="cond" truecount="4" falsecount="0"/>
        <line num="30" count="39" type="stmt"/>
        <line num="32" count="39" type="stmt"/>
        <line num="35" count="19" type="stmt"/>
        <line num="36" count="13" type="stmt"/>
        <line num="38" count="1" type="stmt"/>
        <line num="42" count="2" type="stmt"/>
        <line num="43" count="45" type="stmt"/>
        <line num="44" count="45" type="stmt"/>
        <line num="46" count="45" type="cond" truecount="2" falsecount="0"/>
        <line num="47" count="2" type="stmt"/>
        <line num="49" count="45" type="cond" truecount="2" falsecount="0"/>
        <line num="50" count="2" type="stmt"/>
        <line num="52" count="45" type="cond" truecount="4" falsecount="0"/>
        <line num="53" count="1" type="stmt"/>
        <line num="55" count="44" type="cond" truecount="2" falsecount="0"/>
        <line num="56" count="1" type="stmt"/>
        <line num="58" count="43" type="cond" truecount="2" falsecount="0"/>
        <line num="59" count="1" type="stmt"/>
        <line num="63" count="42" type="stmt"/>
        <line num="64" count="42" type="stmt"/>
        <line num="66" count="42" type="stmt"/>
        <line num="67" count="42" type="stmt"/>
        <line num="68" count="42" type="stmt"/>
        <line num="69" count="42" type="stmt"/>
        <line num="71" count="42" type="cond" truecount="2" falsecount="0"/>
        <line num="72" count="6" type="stmt"/>
        <line num="75" count="36" type="cond" truecount="4" falsecount="0"/>
        <line num="76" count="1" type="stmt"/>
        <line num="80" count="35" type="cond" truecount="4" falsecount="0"/>
        <line num="81" count="34" type="stmt"/>
        <line num="86" count="1" type="stmt"/>
        <line num="92" count="67" type="cond" truecount="2" falsecount="0"/>
        <line num="94" count="48" type="stmt"/>
        <line num="97" count="48" type="stmt"/>
        <line num="98" count="101" type="stmt"/>
        <line num="99" count="101" type="stmt"/>
        <line num="100" count="101" type="stmt"/>
        <line num="101" count="101" type="stmt"/>
        <line num="102" count="101" type="stmt"/>
        <line num="103" count="101" type="stmt"/>
        <line num="106" count="101" type="cond" truecount="2" falsecount="0"/>
        <line num="107" count="2" type="stmt"/>
        <line num="109" count="99" type="cond" truecount="4" falsecount="0"/>
        <line num="110" count="9" type="stmt"/>
        <line num="112" count="90" type="cond" truecount="4" falsecount="0"/>
        <line num="113" count="76" type="stmt"/>
        <line num="116" count="14" type="stmt"/>
        <line num="121" count="48" type="stmt"/>
        <line num="122" count="79" type="stmt"/>
        <line num="123" count="79" type="stmt"/>
        <line num="124" count="79" type="stmt"/>
        <line num="125" count="79" type="stmt"/>
        <line num="126" count="79" type="stmt"/>
        <line num="127" count="79" type="stmt"/>
        <line num="129" count="79" type="cond" truecount="2" falsecount="0"/>
        <line num="130" count="4" type="cond" truecount="2" falsecount="0"/>
        <line num="131" count="2" type="stmt"/>
        <line num="133" count="2" type="stmt"/>
        <line num="136" count="75" type="cond" truecount="4" falsecount="0"/>
        <line num="137" count="16" type="cond" truecount="2" falsecount="0"/>
        <line num="138" count="7" type="stmt"/>
        <line num="140" count="9" type="stmt"/>
        <line num="144" count="59" type="stmt"/>
        <line num="152" count="2" type="stmt"/>
        <line num="154" count="25" type="stmt"/>
        <line num="155" count="14" type="cond" truecount="1" falsecount="1"/>
        <line num="156" count="14" type="stmt"/>
        <line num="157" count="14" type="stmt"/>
        <line num="159" count="14" type="cond" truecount="2" falsecount="0"/>
        <line num="160" count="2" type="stmt"/>
        <line num="166" count="12" type="stmt"/>
        <line num="170" count="25" type="cond" truecount="1" falsecount="1"/>
        <line num="173" count="25" type="stmt"/>
        <line num="174" count="25" type="cond" truecount="2" falsecount="0"/>
        <line num="175" count="24" type="stmt"/>
        <line num="176" count="24" type="stmt"/>
        <line num="177" count="24" type="stmt"/>
        <line num="178" count="24" type="stmt"/>
        <line num="179" count="24" type="cond" truecount="2" falsecount="0"/>
        <line num="180" count="15" type="cond" truecount="2" falsecount="0"/>
        <line num="181" count="14" type="stmt"/>
        <line num="183" count="1" type="stmt"/>
        <line num="188" count="10" type="stmt"/>
        <line num="193" count="2" type="stmt"/>
        <line num="196" count="8" type="cond" truecount="5" falsecount="0"/>
        <line num="197" count="7" type="stmt"/>
        <line num="198" count="23" type="cond" truecount="4" falsecount="0"/>
        <line num="199" count="2" type="stmt"/>
        <line num="202" count="5" type="stmt"/>
        <line num="204" count="1" type="stmt"/>
      </file>
    </package>
  </project>
</coverage>
