{"/home/lucas/teste/cubos-desafio-tecnico-backend/src/routes.ts": {"path":"/home/lucas/teste/cubos-desafio-tecnico-backend/src/routes.ts","statementMap":{"0":{"start":{"line":1,"column":0},"end":{"line":1,"column":33}},"1":{"start":{"line":2,"column":0},"end":{"line":2,"column":65}},"2":{"start":{"line":4,"column":15},"end":{"line":4,"column":23}},"3":{"start":{"line":5,"column":0},"end":{"line":5,"column":56}},"4":{"start":{"line":6,"column":0},"end":{"line":6,"column":69}},"5":{"start":{"line":7,"column":0},"end":{"line":7,"column":88}},"6":{"start":{"line":8,"column":0},"end":{"line":8,"column":103}},"7":{"start":{"line":13,"column":0},"end":{"line":13,"column":22}}},"fnMap":{},"branchMap":{},"s":{"0":1,"1":1,"2":1,"3":1,"4":1,"5":1,"6":1,"7":1},"f":{},"b":{}}
,"/home/lucas/teste/cubos-desafio-tecnico-backend/src/server.ts": {"path":"/home/lucas/teste/cubos-desafio-tecnico-backend/src/server.ts","statementMap":{"0":{"start":{"line":1,"column":0},"end":{"line":1,"column":30}},"1":{"start":{"line":3,"column":0},"end":{"line":3,"column":30}},"2":{"start":{"line":4,"column":0},"end":{"line":4,"column":24}},"3":{"start":{"line":11,"column":0},"end":{"line":11,"column":null}},"4":{"start":{"line":15,"column":8},"end":{"line":15,"column":33}},"5":{"start":{"line":16,"column":8},"end":{"line":16,"column":27}},"6":{"start":{"line":17,"column":8},"end":{"line":17,"column":22}},"7":{"start":{"line":22,"column":11},"end":{"line":26,"column":null}},"8":{"start":{"line":23,"column":23},"end":{"line":23,"column":54}},"9":{"start":{"line":24,"column":8},"end":{"line":25,"column":65}},"10":{"start":{"line":25,"column":20},"end":{"line":25,"column":61}},"11":{"start":{"line":28,"column":12},"end":{"line":30,"column":null}},"12":{"start":{"line":29,"column":8},"end":{"line":29,"column":41}},"13":{"start":{"line":32,"column":12},"end":{"line":34,"column":null}},"14":{"start":{"line":33,"column":8},"end":{"line":33,"column":33}},"15":{"start":{"line":37,"column":0},"end":{"line":37,"column":null}}},"fnMap":{"0":{"name":"(anonymous_1)","decl":{"start":{"line":11,"column":0},"end":{"line":11,"column":null}},"loc":{"start":{"line":11,"column":0},"end":{"line":37,"column":null}}},"1":{"name":"Server","decl":{"start":{"line":14,"column":4},"end":{"line":14,"column":null}},"loc":{"start":{"line":14,"column":4},"end":{"line":19,"column":5}}},"2":{"name":"(anonymous_3)","decl":{"start":{"line":22,"column":4},"end":{"line":22,"column":11}},"loc":{"start":{"line":22,"column":33},"end":{"line":26,"column":5}}},"3":{"name":"(anonymous_4)","decl":{"start":{"line":25,"column":12},"end":{"line":25,"column":20}},"loc":{"start":{"line":25,"column":12},"end":{"line":25,"column":63}}},"4":{"name":"(anonymous_5)","decl":{"start":{"line":28,"column":4},"end":{"line":28,"column":12}},"loc":{"start":{"line":28,"column":4},"end":{"line":30,"column":5}}},"5":{"name":"(anonymous_6)","decl":{"start":{"line":32,"column":4},"end":{"line":32,"column":12}},"loc":{"start":{"line":32,"column":4},"end":{"line":34,"column":5}}}},"branchMap":{},"s":{"0":1,"1":1,"2":1,"3":1,"4":4,"5":4,"6":4,"7":1,"8":0,"9":0,"10":0,"11":1,"12":4,"13":1,"14":4,"15":1},"f":{"0":1,"1":4,"2":0,"3":0,"4":4,"5":4},"b":{}}
,"/home/lucas/teste/cubos-desafio-tecnico-backend/src/controller/scheduleController.ts": {"path":"/home/lucas/teste/cubos-desafio-tecnico-backend/src/controller/scheduleController.ts","statementMap":{"0":{"start":{"line":3,"column":0},"end":{"line":3,"column":57}},"1":{"start":{"line":6,"column":0},"end":{"line":6,"column":null}},"2":{"start":{"line":12,"column":17},"end":{"line":30,"column":null}},"3":{"start":{"line":13,"column":12},"end":{"line":13,"column":37}},"4":{"start":{"line":17,"column":8},"end":{"line":21,"column":null}},"5":{"start":{"line":18,"column":12},"end":{"line":18,"column":39}},"6":{"start":{"line":20,"column":12},"end":{"line":20,"column":41}},"7":{"start":{"line":23,"column":20},"end":{"line":23,"column":null}},"8":{"start":{"line":23,"column":16},"end":{"line":23,"column":null}},"9":{"start":{"line":24,"column":12},"end":{"line":26,"column":null}},"10":{"start":{"line":25,"column":16},"end":{"line":25,"column":47}},"11":{"start":{"line":28,"column":12},"end":{"line":28,"column":40}},"12":{"start":{"line":33,"column":17},"end":{"line":41,"column":null}},"13":{"start":{"line":35,"column":20},"end":{"line":35,"column":null}},"14":{"start":{"line":35,"column":16},"end":{"line":35,"column":null}},"15":{"start":{"line":36,"column":12},"end":{"line":36,"column":31}},"16":{"start":{"line":38,"column":12},"end":{"line":38,"column":40}},"17":{"start":{"line":44,"column":17},"end":{"line":46,"column":null}},"18":{"start":{"line":45,"column":8},"end":{"line":45,"column":60}},"19":{"start":{"line":49,"column":17},"end":{"line":62,"column":null}},"20":{"start":{"line":51,"column":12},"end":{"line":51,"column":45}},"21":{"start":{"line":52,"column":12},"end":{"line":52,"column":41}},"22":{"start":{"line":54,"column":8},"end":{"line":59,"column":null}},"23":{"start":{"line":55,"column":16},"end":{"line":55,"column":80}},"24":{"start":{"line":56,"column":12},"end":{"line":56,"column":31}},"25":{"start":{"line":58,"column":12},"end":{"line":58,"column":40}},"26":{"start":{"line":61,"column":8},"end":{"line":61,"column":26}},"27":{"start":{"line":65,"column":0},"end":{"line":65,"column":null}},"28":{"start":{"line":67,"column":0},"end":{"line":67,"column":40}}},"fnMap":{"0":{"name":"(anonymous_14)","decl":{"start":{"line":6,"column":0},"end":{"line":6,"column":null}},"loc":{"start":{"line":6,"column":0},"end":{"line":65,"column":null}}},"1":{"name":"(anonymous_16)","decl":{"start":{"line":12,"column":4},"end":{"line":12,"column":17}},"loc":{"start":{"line":12,"column":54},"end":{"line":30,"column":null}}},"2":{"name":"(anonymous_19)","decl":{"start":{"line":33,"column":4},"end":{"line":33,"column":17}},"loc":{"start":{"line":33,"column":67},"end":{"line":41,"column":null}}},"3":{"name":"(anonymous_22)","decl":{"start":{"line":44,"column":4},"end":{"line":44,"column":17}},"loc":{"start":{"line":44,"column":61},"end":{"line":46,"column":null}}},"4":{"name":"(anonymous_25)","decl":{"start":{"line":49,"column":4},"end":{"line":49,"column":17}},"loc":{"start":{"line":49,"column":68},"end":{"line":62,"column":null}}}},"branchMap":{"0":{"loc":{"start":{"line":17,"column":8},"end":{"line":21,"column":null}},"type":"if","locations":[{"start":{"line":17,"column":8},"end":{"line":21,"column":null}},{"start":{"line":17,"column":8},"end":{"line":21,"column":null}}]},"1":{"loc":{"start":{"line":24,"column":12},"end":{"line":26,"column":null}},"type":"if","locations":[{"start":{"line":24,"column":12},"end":{"line":26,"column":null}},{"start":{"line":24,"column":12},"end":{"line":26,"column":null}}]}},"s":{"0":1,"1":1,"2":1,"3":14,"4":14,"5":3,"6":11,"7":14,"8":5,"9":5,"10":5,"11":9,"12":1,"13":2,"14":1,"15":1,"16":1,"17":1,"18":1,"19":1,"20":10,"21":10,"22":10,"23":10,"24":2,"25":8,"26":8,"27":1,"28":1},"f":{"0":2,"1":14,"2":2,"3":1,"4":10},"b":{"0":[3,11],"1":[5,0]}}
,"/home/lucas/teste/cubos-desafio-tecnico-backend/src/dao/scheduleDao.ts": {"path":"/home/lucas/teste/cubos-desafio-tecnico-backend/src/dao/scheduleDao.ts","statementMap":{"0":{"start":{"line":1,"column":0},"end":{"line":1,"column":20}},"1":{"start":{"line":3,"column":0},"end":{"line":3,"column":50}},"2":{"start":{"line":4,"column":0},"end":{"line":4,"column":50}},"3":{"start":{"line":6,"column":0},"end":{"line":6,"column":null}},"4":{"start":{"line":8,"column":12},"end":{"line":8,"column":37}},"5":{"start":{"line":13,"column":4},"end":{"line":46,"column":null}},"6":{"start":{"line":15,"column":8},"end":{"line":45,"column":null}},"7":{"start":{"line":19,"column":12},"end":{"line":40,"column":null}},"8":{"start":{"line":20,"column":16},"end":{"line":22,"column":19}},"9":{"start":{"line":21,"column":20},"end":{"line":21,"column":39}},"10":{"start":{"line":21,"column":29},"end":{"line":21,"column":39}},"11":{"start":{"line":24,"column":32},"end":{"line":24,"column":58}},"12":{"start":{"line":25,"column":23},"end":{"line":25,"column":24}},"13":{"start":{"line":26,"column":16},"end":{"line":32,"column":null}},"14":{"start":{"line":27,"column":20},"end":{"line":31,"column":null}},"15":{"start":{"line":28,"column":24},"end":{"line":28,"column":47}},"16":{"start":{"line":33,"column":16},"end":{"line":39,"column":null}},"17":{"start":{"line":35,"column":20},"end":{"line":35,"column":51}},"18":{"start":{"line":36,"column":20},"end":{"line":36,"column":69}},"19":{"start":{"line":38,"column":20},"end":{"line":38,"column":78}},"20":{"start":{"line":41,"column":12},"end":{"line":41,"column":24}},"21":{"start":{"line":44,"column":12},"end":{"line":44,"column":24}},"22":{"start":{"line":48,"column":11},"end":{"line":67,"column":null}},"23":{"start":{"line":49,"column":20},"end":{"line":49,"column":39}},"24":{"start":{"line":50,"column":22},"end":{"line":50,"column":27}},"25":{"start":{"line":53,"column":8},"end":{"line":60,"column":11}},"26":{"start":{"line":54,"column":12},"end":{"line":59,"column":null}},"27":{"start":{"line":55,"column":16},"end":{"line":55,"column":31}},"28":{"start":{"line":56,"column":16},"end":{"line":56,"column":29}},"29":{"start":{"line":58,"column":16},"end":{"line":58,"column":28}},"30":{"start":{"line":61,"column":8},"end":{"line":66,"column":null}},"31":{"start":{"line":62,"column":12},"end":{"line":62,"column":63}},"32":{"start":{"line":63,"column":12},"end":{"line":63,"column":24}},"33":{"start":{"line":65,"column":12},"end":{"line":65,"column":58}},"34":{"start":{"line":70,"column":11},"end":{"line":82,"column":null}},"35":{"start":{"line":71,"column":8},"end":{"line":80,"column":null}},"36":{"start":{"line":72,"column":25},"end":{"line":72,"column":51}},"37":{"start":{"line":73,"column":12},"end":{"line":77,"column":null}},"38":{"start":{"line":74,"column":16},"end":{"line":74,"column":37}},"39":{"start":{"line":76,"column":16},"end":{"line":76,"column":26}},"40":{"start":{"line":79,"column":12},"end":{"line":79,"column":22}},"41":{"start":{"line":84,"column":11},"end":{"line":132,"column":null}},"42":{"start":{"line":89,"column":8},"end":{"line":131,"column":null}},"43":{"start":{"line":90,"column":25},"end":{"line":90,"column":51}},"44":{"start":{"line":91,"column":12},"end":{"line":128,"column":null}},"45":{"start":{"line":92,"column":44},"end":{"line":92,"column":57}},"46":{"start":{"line":93,"column":32},"end":{"line":93,"column":54}},"47":{"start":{"line":94,"column":16},"end":{"line":114,"column":null}},"48":{"start":{"line":94,"column":30},"end":{"line":94,"column":36}},"49":{"start":{"line":94,"column":34},"end":{"line":94,"column":36}},"50":{"start":{"line":94,"column":26},"end":{"line":94,"column":30}},"51":{"start":{"line":95,"column":20},"end":{"line":113,"column":null}},"52":{"start":{"line":95,"column":34},"end":{"line":95,"column":45}},"53":{"start":{"line":95,"column":43},"end":{"line":95,"column":45}},"54":{"start":{"line":95,"column":30},"end":{"line":95,"column":34}},"55":{"start":{"line":97,"column":24},"end":{"line":100,"column":null}},"56":{"start":{"line":99,"column":28},"end":{"line":99,"column":80}},"57":{"start":{"line":101,"column":24},"end":{"line":106,"column":null}},"58":{"start":{"line":103,"column":28},"end":{"line":105,"column":null}},"59":{"start":{"line":104,"column":32},"end":{"line":104,"column":84}},"60":{"start":{"line":108,"column":24},"end":{"line":112,"column":null}},"61":{"start":{"line":109,"column":28},"end":{"line":111,"column":null}},"62":{"start":{"line":110,"column":32},"end":{"line":110,"column":84}},"63":{"start":{"line":116,"column":33},"end":{"line":116,"column":35}},"64":{"start":{"line":117,"column":16},"end":{"line":122,"column":null}},"65":{"start":{"line":117,"column":30},"end":{"line":117,"column":48}},"66":{"start":{"line":117,"column":46},"end":{"line":117,"column":48}},"67":{"start":{"line":117,"column":26},"end":{"line":117,"column":30}},"68":{"start":{"line":118,"column":20},"end":{"line":121,"column":23}},"69":{"start":{"line":124,"column":16},"end":{"line":124,"column":34}},"70":{"start":{"line":127,"column":16},"end":{"line":127,"column":28}},"71":{"start":{"line":130,"column":12},"end":{"line":130,"column":24}},"72":{"start":{"line":136,"column":12},"end":{"line":142,"column":null}},"73":{"start":{"line":137,"column":23},"end":{"line":137,"column":35}},"74":{"start":{"line":138,"column":8},"end":{"line":140,"column":null}},"75":{"start":{"line":139,"column":12},"end":{"line":139,"column":43}},"76":{"start":{"line":141,"column":8},"end":{"line":141,"column":28}},"77":{"start":{"line":146,"column":0},"end":{"line":146,"column":null}},"78":{"start":{"line":148,"column":0},"end":{"line":148,"column":33}}},"fnMap":{"0":{"name":"(anonymous_3)","decl":{"start":{"line":6,"column":0},"end":{"line":6,"column":null}},"loc":{"start":{"line":6,"column":0},"end":{"line":146,"column":null}}},"1":{"name":"(anonymous_5)","decl":{"start":{"line":13,"column":4},"end":{"line":13,"column":17}},"loc":{"start":{"line":13,"column":30},"end":{"line":46,"column":5}}},"2":{"name":"(anonymous_6)","decl":{"start":{"line":20,"column":86},"end":{"line":20,"column":96}},"loc":{"start":{"line":20,"column":99},"end":{"line":22,"column":17}}},"3":{"name":"(anonymous_7)","decl":{"start":{"line":48,"column":4},"end":{"line":48,"column":11}},"loc":{"start":{"line":48,"column":36},"end":{"line":67,"column":5}}},"4":{"name":"(anonymous_8)","decl":{"start":{"line":53,"column":29},"end":{"line":53,"column":30}},"loc":{"start":{"line":53,"column":46},"end":{"line":60,"column":9}}},"5":{"name":"(anonymous_9)","decl":{"start":{"line":70,"column":4},"end":{"line":70,"column":11}},"loc":{"start":{"line":70,"column":4},"end":{"line":82,"column":5}}},"6":{"name":"(anonymous_10)","decl":{"start":{"line":84,"column":4},"end":{"line":84,"column":11}},"loc":{"start":{"line":84,"column":47},"end":{"line":132,"column":5}}},"7":{"name":"(anonymous_11)","decl":{"start":{"line":136,"column":4},"end":{"line":136,"column":12}},"loc":{"start":{"line":136,"column":42},"end":{"line":142,"column":5}}}},"branchMap":{"0":{"loc":{"start":{"line":19,"column":12},"end":{"line":40,"column":null}},"type":"if","locations":[{"start":{"line":19,"column":12},"end":{"line":40,"column":null}},{"start":{"line":19,"column":12},"end":{"line":40,"column":null}}]},"1":{"loc":{"start":{"line":21,"column":20},"end":{"line":21,"column":39}},"type":"if","locations":[{"start":{"line":21,"column":20},"end":{"line":21,"column":39}},{"start":{"line":21,"column":20},"end":{"line":21,"column":39}}]},"2":{"loc":{"start":{"line":26,"column":16},"end":{"line":32,"column":null}},"type":"if","locations":[{"start":{"line":26,"column":16},"end":{"line":32,"column":null}},{"start":{"line":26,"column":16},"end":{"line":32,"column":null}}]},"3":{"loc":{"start":{"line":33,"column":16},"end":{"line":39,"column":null}},"type":"if","locations":[{"start":{"line":33,"column":16},"end":{"line":39,"column":null}},{"start":{"line":33,"column":16},"end":{"line":39,"column":null}}]},"4":{"loc":{"start":{"line":54,"column":12},"end":{"line":59,"column":null}},"type":"if","locations":[{"start":{"line":54,"column":12},"end":{"line":59,"column":null}},{"start":{"line":54,"column":12},"end":{"line":59,"column":null}}]},"5":{"loc":{"start":{"line":61,"column":8},"end":{"line":66,"column":null}},"type":"if","locations":[{"start":{"line":61,"column":8},"end":{"line":66,"column":null}},{"start":{"line":61,"column":8},"end":{"line":66,"column":null}}]},"6":{"loc":{"start":{"line":73,"column":12},"end":{"line":77,"column":null}},"type":"if","locations":[{"start":{"line":73,"column":12},"end":{"line":77,"column":null}},{"start":{"line":73,"column":12},"end":{"line":77,"column":null}}]},"7":{"loc":{"start":{"line":91,"column":12},"end":{"line":128,"column":null}},"type":"if","locations":[{"start":{"line":91,"column":12},"end":{"line":128,"column":null}},{"start":{"line":91,"column":12},"end":{"line":128,"column":null}}]},"8":{"loc":{"start":{"line":97,"column":24},"end":{"line":100,"column":null}},"type":"if","locations":[{"start":{"line":97,"column":24},"end":{"line":100,"column":null}},{"start":{"line":97,"column":24},"end":{"line":100,"column":null}}]},"9":{"loc":{"start":{"line":101,"column":24},"end":{"line":106,"column":null}},"type":"if","locations":[{"start":{"line":101,"column":24},"end":{"line":106,"column":null}},{"start":{"line":101,"column":24},"end":{"line":106,"column":null}}]},"10":{"loc":{"start":{"line":103,"column":28},"end":{"line":105,"column":null}},"type":"if","locations":[{"start":{"line":103,"column":28},"end":{"line":105,"column":null}},{"start":{"line":103,"column":28},"end":{"line":105,"column":null}}]},"11":{"loc":{"start":{"line":108,"column":24},"end":{"line":112,"column":null}},"type":"if","locations":[{"start":{"line":108,"column":24},"end":{"line":112,"column":null}},{"start":{"line":108,"column":24},"end":{"line":112,"column":null}}]},"12":{"loc":{"start":{"line":109,"column":28},"end":{"line":111,"column":null}},"type":"if","locations":[{"start":{"line":109,"column":28},"end":{"line":111,"column":null}},{"start":{"line":109,"column":28},"end":{"line":111,"column":null}}]},"13":{"loc":{"start":{"line":138,"column":8},"end":{"line":140,"column":null}},"type":"if","locations":[{"start":{"line":138,"column":8},"end":{"line":140,"column":null}},{"start":{"line":138,"column":8},"end":{"line":140,"column":null}}]}},"s":{"0":1,"1":1,"2":1,"3":1,"4":1,"5":1,"6":5,"7":5,"8":1,"9":1,"10":0,"11":4,"12":4,"13":4,"14":4,"15":4,"16":4,"17":4,"18":4,"19":0,"20":5,"21":0,"22":1,"23":2,"24":2,"25":2,"26":13,"27":1,"28":1,"29":12,"30":2,"31":1,"32":1,"33":1,"34":1,"35":17,"36":17,"37":16,"38":16,"39":0,"40":1,"41":1,"42":2,"43":2,"44":2,"45":2,"46":2,"47":2,"48":2,"49":2,"50":67,"51":67,"52":67,"53":67,"54":402,"55":402,"56":134,"57":402,"58":134,"59":1,"60":402,"61":134,"62":78,"63":2,"64":2,"65":2,"66":2,"67":67,"68":67,"69":2,"70":0,"71":0,"72":1,"73":213,"74":213,"75":146,"76":213,"77":1,"78":1},"f":{"0":2,"1":5,"2":1,"3":2,"4":13,"5":17,"6":2,"7":213},"b":{"0":[1,4],"1":[0,1],"2":[4,0],"3":[4,0],"4":[1,12],"5":[1,1],"6":[16,0],"7":[2,0],"8":[134,268],"9":[134,268],"10":[1,133],"11":[134,268],"12":[78,56],"13":[146,67]}}
,"/home/lucas/teste/cubos-desafio-tecnico-backend/src/model/schedule.ts": {"path":"/home/lucas/teste/cubos-desafio-tecnico-backend/src/model/schedule.ts","statementMap":{"0":{"start":{"line":4,"column":0},"end":{"line":4,"column":null}},"1":{"start":{"line":13,"column":8},"end":{"line":13,"column":40}},"2":{"start":{"line":14,"column":8},"end":{"line":14,"column":25}},"3":{"start":{"line":15,"column":8},"end":{"line":15,"column":35}},"4":{"start":{"line":16,"column":8},"end":{"line":16,"column":23}},"5":{"start":{"line":17,"column":8},"end":{"line":17,"column":37}},"6":{"start":{"line":21,"column":4},"end":{"line":26,"column":null}},"7":{"start":{"line":22,"column":22},"end":{"line":22,"column":32}},"8":{"start":{"line":23,"column":18},"end":{"line":23,"column":40}},"9":{"start":{"line":24,"column":22},"end":{"line":24,"column":151}},"10":{"start":{"line":25,"column":8},"end":{"line":25,"column":39}},"11":{"start":{"line":27,"column":4},"end":{"line":31,"column":null}},"12":{"start":{"line":28,"column":8},"end":{"line":28,"column":29}},"13":{"start":{"line":29,"column":8},"end":{"line":29,"column":30}},"14":{"start":{"line":30,"column":8},"end":{"line":30,"column":61}},"15":{"start":{"line":32,"column":0},"end":{"line":32,"column":null}}},"fnMap":{"0":{"name":"(anonymous_0)","decl":{"start":{"line":4,"column":0},"end":{"line":4,"column":null}},"loc":{"start":{"line":4,"column":0},"end":{"line":32,"column":null}}},"1":{"name":"Schedule","decl":{"start":{"line":12,"column":4},"end":{"line":12,"column":16}},"loc":{"start":{"line":12,"column":106},"end":{"line":18,"column":5}}},"2":{"name":"(anonymous_2)","decl":{"start":{"line":21,"column":4},"end":{"line":21,"column":18}},"loc":{"start":{"line":21,"column":4},"end":{"line":26,"column":5}}},"3":{"name":"(anonymous_3)","decl":{"start":{"line":27,"column":4},"end":{"line":27,"column":16}},"loc":{"start":{"line":27,"column":25},"end":{"line":31,"column":5}}}},"branchMap":{},"s":{"0":1,"1":11,"2":11,"3":11,"4":11,"5":11,"6":1,"7":11,"8":11,"9":11,"10":11,"11":1,"12":33,"13":33,"14":33,"15":1},"f":{"0":1,"1":11,"2":11,"3":33},"b":{}}
,"/home/lucas/teste/cubos-desafio-tecnico-backend/src/service/scheduleService.ts": {"path":"/home/lucas/teste/cubos-desafio-tecnico-backend/src/service/scheduleService.ts","statementMap":{"0":{"start":{"line":2,"column":0},"end":{"line":2,"column":45}},"1":{"start":{"line":3,"column":0},"end":{"line":3,"column":41}},"2":{"start":{"line":4,"column":0},"end":{"line":4,"column":50}},"3":{"start":{"line":5,"column":0},"end":{"line":5,"column":50}},"4":{"start":{"line":6,"column":0},"end":{"line":6,"column":112}},"5":{"start":{"line":9,"column":0},"end":{"line":9,"column":null}},"6":{"start":{"line":12,"column":11},"end":{"line":50,"column":null}},"7":{"start":{"line":14,"column":22},"end":{"line":14,"column":45}},"8":{"start":{"line":15,"column":20},"end":{"line":15,"column":22}},"9":{"start":{"line":16,"column":8},"end":{"line":47,"column":null}},"10":{"start":{"line":16,"column":22},"end":{"line":16,"column":37}},"11":{"start":{"line":16,"column":35},"end":{"line":16,"column":37}},"12":{"start":{"line":16,"column":18},"end":{"line":16,"column":22}},"13":{"start":{"line":19,"column":12},"end":{"line":19,"column":33}},"14":{"start":{"line":20,"column":20},"end":{"line":20,"column":21}},"15":{"start":{"line":21,"column":12},"end":{"line":46,"column":null}},"16":{"start":{"line":23,"column":20},"end":{"line":23,"column":89}},"17":{"start":{"line":24,"column":20},"end":{"line":24,"column":82}},"18":{"start":{"line":25,"column":20},"end":{"line":25,"column":37}},"19":{"start":{"line":26,"column":20},"end":{"line":26,"column":26}},"20":{"start":{"line":30,"column":20},"end":{"line":30,"column":43}},"21":{"start":{"line":31,"column":20},"end":{"line":31,"column":98}},"22":{"start":{"line":32,"column":20},"end":{"line":32,"column":90}},"23":{"start":{"line":33,"column":20},"end":{"line":33,"column":37}},"24":{"start":{"line":34,"column":20},"end":{"line":34,"column":26}},"25":{"start":{"line":38,"column":20},"end":{"line":38,"column":46}},"26":{"start":{"line":39,"column":20},"end":{"line":39,"column":98}},"27":{"start":{"line":40,"column":20},"end":{"line":40,"column":83}},"28":{"start":{"line":41,"column":20},"end":{"line":41,"column":37}},"29":{"start":{"line":42,"column":20},"end":{"line":42,"column":26}},"30":{"start":{"line":45,"column":20},"end":{"line":45,"column":74}},"31":{"start":{"line":48,"column":8},"end":{"line":48,"column":41}},"32":{"start":{"line":49,"column":8},"end":{"line":49,"column":21}},"33":{"start":{"line":53,"column":12},"end":{"line":109,"column":null}},"34":{"start":{"line":55,"column":8},"end":{"line":107,"column":null}},"35":{"start":{"line":56,"column":12},"end":{"line":105,"column":null}},"36":{"start":{"line":56,"column":26},"end":{"line":56,"column":35}},"37":{"start":{"line":56,"column":33},"end":{"line":56,"column":35}},"38":{"start":{"line":56,"column":22},"end":{"line":56,"column":26}},"39":{"start":{"line":57,"column":16},"end":{"line":103,"column":null}},"40":{"start":{"line":59,"column":24},"end":{"line":66,"column":null}},"41":{"start":{"line":62,"column":44},"end":{"line":62,"column":55}},"42":{"start":{"line":63,"column":28},"end":{"line":63,"column":73}},"43":{"start":{"line":65,"column":28},"end":{"line":65,"column":71}},"44":{"start":{"line":67,"column":24},"end":{"line":67,"column":30}},"45":{"start":{"line":73,"column":24},"end":{"line":78,"column":null}},"46":{"start":{"line":74,"column":44},"end":{"line":74,"column":55}},"47":{"start":{"line":76,"column":28},"end":{"line":76,"column":73}},"48":{"start":{"line":77,"column":28},"end":{"line":77,"column":71}},"49":{"start":{"line":81,"column":24},"end":{"line":90,"column":null}},"50":{"start":{"line":82,"column":28},"end":{"line":89,"column":null}},"51":{"start":{"line":82,"column":42},"end":{"line":82,"column":56}},"52":{"start":{"line":82,"column":54},"end":{"line":82,"column":56}},"53":{"start":{"line":82,"column":38},"end":{"line":82,"column":42}},"54":{"start":{"line":83,"column":32},"end":{"line":88,"column":null}},"55":{"start":{"line":84,"column":52},"end":{"line":84,"column":63}},"56":{"start":{"line":86,"column":36},"end":{"line":86,"column":81}},"57":{"start":{"line":87,"column":36},"end":{"line":87,"column":79}},"58":{"start":{"line":91,"column":24},"end":{"line":91,"column":30}},"59":{"start":{"line":94,"column":24},"end":{"line":101,"column":null}},"60":{"start":{"line":95,"column":28},"end":{"line":100,"column":null}},"61":{"start":{"line":96,"column":48},"end":{"line":96,"column":59}},"62":{"start":{"line":98,"column":32},"end":{"line":98,"column":77}},"63":{"start":{"line":99,"column":32},"end":{"line":99,"column":75}},"64":{"start":{"line":102,"column":24},"end":{"line":102,"column":30}},"65":{"start":{"line":112,"column":11},"end":{"line":115,"column":null}},"66":{"start":{"line":113,"column":16},"end":{"line":113,"column":54}},"67":{"start":{"line":114,"column":8},"end":{"line":114,"column":17}},"68":{"start":{"line":117,"column":11},"end":{"line":119,"column":null}},"69":{"start":{"line":118,"column":8},"end":{"line":118,"column":42}},"70":{"start":{"line":121,"column":11},"end":{"line":146,"column":null}},"71":{"start":{"line":122,"column":20},"end":{"line":122,"column":49}},"72":{"start":{"line":123,"column":20},"end":{"line":123,"column":47}},"73":{"start":{"line":124,"column":19},"end":{"line":124,"column":21}},"74":{"start":{"line":125,"column":19},"end":{"line":125,"column":24}},"75":{"start":{"line":127,"column":8},"end":{"line":127,"column":83}},"76":{"start":{"line":134,"column":8},"end":{"line":143,"column":null}},"77":{"start":{"line":135,"column":12},"end":{"line":138,"column":null}},"78":{"start":{"line":136,"column":16},"end":{"line":136,"column":49}},"79":{"start":{"line":137,"column":16},"end":{"line":137,"column":91}},"80":{"start":{"line":139,"column":23},"end":{"line":139,"column":72}},"81":{"start":{"line":140,"column":12},"end":{"line":140,"column":24}},"82":{"start":{"line":142,"column":12},"end":{"line":142,"column":65}},"83":{"start":{"line":149,"column":4},"end":{"line":161,"column":null}},"84":{"start":{"line":150,"column":16},"end":{"line":150,"column":33}},"85":{"start":{"line":151,"column":16},"end":{"line":151,"column":35}},"86":{"start":{"line":152,"column":16},"end":{"line":152,"column":34}},"87":{"start":{"line":153,"column":8},"end":{"line":153,"column":26}},"88":{"start":{"line":154,"column":8},"end":{"line":156,"column":null}},"89":{"start":{"line":155,"column":12},"end":{"line":155,"column":24}},"90":{"start":{"line":157,"column":8},"end":{"line":159,"column":null}},"91":{"start":{"line":158,"column":12},"end":{"line":158,"column":24}},"92":{"start":{"line":160,"column":8},"end":{"line":160,"column":37}},"93":{"start":{"line":163,"column":0},"end":{"line":163,"column":null}},"94":{"start":{"line":166,"column":0},"end":{"line":166,"column":37}}},"fnMap":{"0":{"name":"(anonymous_3)","decl":{"start":{"line":9,"column":0},"end":{"line":9,"column":null}},"loc":{"start":{"line":9,"column":0},"end":{"line":163,"column":null}}},"1":{"name":"(anonymous_5)","decl":{"start":{"line":12,"column":4},"end":{"line":12,"column":11}},"loc":{"start":{"line":12,"column":51},"end":{"line":50,"column":5}}},"2":{"name":"(anonymous_6)","decl":{"start":{"line":53,"column":4},"end":{"line":53,"column":12}},"loc":{"start":{"line":53,"column":71},"end":{"line":109,"column":5}}},"3":{"name":"(anonymous_7)","decl":{"start":{"line":112,"column":4},"end":{"line":112,"column":11}},"loc":{"start":{"line":112,"column":36},"end":{"line":115,"column":5}}},"4":{"name":"(anonymous_8)","decl":{"start":{"line":117,"column":4},"end":{"line":117,"column":11}},"loc":{"start":{"line":117,"column":4},"end":{"line":119,"column":5}}},"5":{"name":"(anonymous_9)","decl":{"start":{"line":121,"column":4},"end":{"line":121,"column":11}},"loc":{"start":{"line":121,"column":53},"end":{"line":146,"column":5}}},"6":{"name":"(anonymous_10)","decl":{"start":{"line":149,"column":4},"end":{"line":149,"column":23}},"loc":{"start":{"line":149,"column":28},"end":{"line":161,"column":5}}}},"branchMap":{"0":{"loc":{"start":{"line":22,"column":16},"end":{"line":26,"column":26}},"type":"switch","locations":[{"start":{"line":22,"column":16},"end":{"line":26,"column":26}},{"start":{"line":27,"column":16},"end":{"line":34,"column":26}},{"start":{"line":35,"column":16},"end":{"line":42,"column":26}},{"start":{"line":43,"column":16},"end":{"line":45,"column":74}}]},"1":{"loc":{"start":{"line":55,"column":8},"end":{"line":107,"column":null}},"type":"if","locations":[{"start":{"line":55,"column":8},"end":{"line":107,"column":null}},{"start":{"line":55,"column":8},"end":{"line":107,"column":null}}]},"2":{"loc":{"start":{"line":55,"column":12},"end":{"line":55,"column":19}},"type":"binary-expr","locations":[{"start":{"line":55,"column":12},"end":{"line":55,"column":19}},{"start":{"line":55,"column":23},"end":{"line":55,"column":41}}]},"3":{"loc":{"start":{"line":58,"column":20},"end":{"line":67,"column":30}},"type":"switch","locations":[{"start":{"line":58,"column":20},"end":{"line":67,"column":30}},{"start":{"line":68,"column":20},"end":{"line":91,"column":30}},{"start":{"line":92,"column":20},"end":{"line":102,"column":30}}]},"4":{"loc":{"start":{"line":59,"column":24},"end":{"line":66,"column":null}},"type":"if","locations":[{"start":{"line":59,"column":24},"end":{"line":66,"column":null}},{"start":{"line":59,"column":24},"end":{"line":66,"column":null}}]},"5":{"loc":{"start":{"line":59,"column":28},"end":{"line":59,"column":60}},"type":"binary-expr","locations":[{"start":{"line":59,"column":28},"end":{"line":59,"column":60}},{"start":{"line":59,"column":64},"end":{"line":59,"column":97}}]},"6":{"loc":{"start":{"line":73,"column":24},"end":{"line":78,"column":null}},"type":"if","locations":[{"start":{"line":73,"column":24},"end":{"line":78,"column":null}},{"start":{"line":73,"column":24},"end":{"line":78,"column":null}}]},"7":{"loc":{"start":{"line":81,"column":24},"end":{"line":90,"column":null}},"type":"if","locations":[{"start":{"line":81,"column":24},"end":{"line":90,"column":null}},{"start":{"line":81,"column":24},"end":{"line":90,"column":null}}]},"8":{"loc":{"start":{"line":83,"column":32},"end":{"line":88,"column":null}},"type":"if","locations":[{"start":{"line":83,"column":32},"end":{"line":88,"column":null}},{"start":{"line":83,"column":32},"end":{"line":88,"column":null}}]},"9":{"loc":{"start":{"line":94,"column":24},"end":{"line":101,"column":null}},"type":"if","locations":[{"start":{"line":94,"column":24},"end":{"line":101,"column":null}},{"start":{"line":94,"column":24},"end":{"line":101,"column":null}}]},"10":{"loc":{"start":{"line":95,"column":28},"end":{"line":100,"column":null}},"type":"if","locations":[{"start":{"line":95,"column":28},"end":{"line":100,"column":null}},{"start":{"line":95,"column":28},"end":{"line":100,"column":null}}]},"11":{"loc":{"start":{"line":134,"column":8},"end":{"line":143,"column":null}},"type":"if","locations":[{"start":{"line":134,"column":8},"end":{"line":143,"column":null}},{"start":{"line":134,"column":8},"end":{"line":143,"column":null}}]},"12":{"loc":{"start":{"line":154,"column":8},"end":{"line":156,"column":null}},"type":"if","locations":[{"start":{"line":154,"column":8},"end":{"line":156,"column":null}},{"start":{"line":154,"column":8},"end":{"line":156,"column":null}}]},"13":{"loc":{"start":{"line":157,"column":8},"end":{"line":159,"column":null}},"type":"if","locations":[{"start":{"line":157,"column":8},"end":{"line":159,"column":null}},{"start":{"line":157,"column":8},"end":{"line":159,"column":null}}]}},"s":{"0":1,"1":1,"2":1,"3":1,"4":1,"5":1,"6":1,"7":14,"8":14,"9":14,"10":14,"11":14,"12":16,"13":16,"14":12,"15":12,"16":5,"17":5,"18":3,"19":3,"20":3,"21":3,"22":3,"23":2,"24":2,"25":3,"26":3,"27":3,"28":2,"29":2,"30":1,"31":5,"32":5,"33":1,"34":11,"35":10,"36":10,"37":10,"38":28,"39":28,"40":14,"41":10,"42":10,"43":10,"44":12,"45":6,"46":3,"47":3,"48":3,"49":6,"50":2,"51":2,"52":2,"53":5,"54":5,"55":5,"56":5,"57":5,"58":5,"59":8,"60":2,"61":1,"62":1,"63":1,"64":7,"65":1,"66":2,"67":1,"68":1,"69":15,"70":1,"71":10,"72":5,"73":3,"74":3,"75":3,"76":3,"77":2,"78":65,"79":65,"80":2,"81":2,"82":1,"83":1,"84":68,"85":68,"86":68,"87":68,"88":68,"89":22,"90":68,"91":35,"92":68,"93":1,"94":1},"f":{"0":2,"1":14,"2":11,"3":2,"4":15,"5":10,"6":68},"b":{"0":[5,3,3,1],"1":[10,1],"2":[11,11],"3":[14,6,8],"4":[10,4],"5":[14,8],"6":[3,3],"7":[2,4],"8":[5,0],"9":[2,6],"10":[1,1],"11":[2,1],"12":[22,46],"13":[35,33]}}
,"/home/lucas/teste/cubos-desafio-tecnico-backend/src/utils/enums.ts": {"path":"/home/lucas/teste/cubos-desafio-tecnico-backend/src/utils/enums.ts","statementMap":{"0":{"start":{"line":1,"column":0},"end":{"line":1,"column":null}},"1":{"start":{"line":2,"column":4},"end":{"line":2,"column":null}},"2":{"start":{"line":3,"column":4},"end":{"line":3,"column":null}},"3":{"start":{"line":4,"column":4},"end":{"line":4,"column":null}},"4":{"start":{"line":5,"column":4},"end":{"line":5,"column":null}},"5":{"start":{"line":6,"column":4},"end":{"line":6,"column":null}},"6":{"start":{"line":7,"column":4},"end":{"line":7,"column":null}},"7":{"start":{"line":10,"column":0},"end":{"line":10,"column":null}},"8":{"start":{"line":11,"column":4},"end":{"line":11,"column":null}},"9":{"start":{"line":12,"column":4},"end":{"line":12,"column":null}},"10":{"start":{"line":13,"column":4},"end":{"line":13,"column":null}}},"fnMap":{"0":{"name":"(anonymous_0)","decl":{"start":{"line":1,"column":0},"end":{"line":1,"column":12}},"loc":{"start":{"line":1,"column":24},"end":{"line":8,"column":1}}},"1":{"name":"(anonymous_1)","decl":{"start":{"line":10,"column":0},"end":{"line":10,"column":12}},"loc":{"start":{"line":10,"column":28},"end":{"line":14,"column":1}}}},"branchMap":{"0":{"loc":{"start":{"line":1,"column":12},"end":{"line":1,"column":24}},"type":"binary-expr","locations":[{"start":{"line":1,"column":12},"end":{"line":1,"column":24}},{"start":{"line":1,"column":12},"end":{"line":1,"column":null}}]},"1":{"loc":{"start":{"line":10,"column":12},"end":{"line":10,"column":28}},"type":"binary-expr","locations":[{"start":{"line":10,"column":12},"end":{"line":10,"column":28}},{"start":{"line":10,"column":12},"end":{"line":10,"column":null}}]}},"s":{"0":2,"1":2,"2":2,"3":2,"4":2,"5":2,"6":2,"7":2,"8":2,"9":2,"10":2},"f":{"0":2,"1":2},"b":{"0":[2,2],"1":[2,2]}}
,"/home/lucas/teste/cubos-desafio-tecnico-backend/src/utils/error.ts": {"path":"/home/lucas/teste/cubos-desafio-tecnico-backend/src/utils/error.ts","statementMap":{"0":{"start":{"line":2,"column":0},"end":{"line":2,"column":39}},"1":{"start":{"line":4,"column":0},"end":{"line":4,"column":13}},"2":{"start":{"line":11,"column":31},"end":{"line":11,"column":null}},"3":{"start":{"line":12,"column":8},"end":{"line":12,"column":25}},"4":{"start":{"line":13,"column":8},"end":{"line":13,"column":31}},"5":{"start":{"line":14,"column":8},"end":{"line":14,"column":43}},"6":{"start":{"line":18,"column":18},"end":{"line":21,"column":null}},"7":{"start":{"line":19,"column":18},"end":{"line":19,"column":80}},"8":{"start":{"line":20,"column":8},"end":{"line":20,"column":77}},"9":{"start":{"line":24,"column":18},"end":{"line":27,"column":null}},"10":{"start":{"line":25,"column":18},"end":{"line":25,"column":99}},"11":{"start":{"line":26,"column":8},"end":{"line":26,"column":77}},"12":{"start":{"line":29,"column":18},"end":{"line":32,"column":null}},"13":{"start":{"line":30,"column":18},"end":{"line":30,"column":93}},"14":{"start":{"line":31,"column":8},"end":{"line":31,"column":77}},"15":{"start":{"line":35,"column":18},"end":{"line":38,"column":null}},"16":{"start":{"line":36,"column":18},"end":{"line":36,"column":94}},"17":{"start":{"line":37,"column":8},"end":{"line":37,"column":77}},"18":{"start":{"line":40,"column":18},"end":{"line":42,"column":null}},"19":{"start":{"line":41,"column":8},"end":{"line":41,"column":136}},"20":{"start":{"line":45,"column":18},"end":{"line":48,"column":null}},"21":{"start":{"line":46,"column":18},"end":{"line":46,"column":55}},"22":{"start":{"line":47,"column":8},"end":{"line":47,"column":72}},"23":{"start":{"line":50,"column":18},"end":{"line":53,"column":null}},"24":{"start":{"line":51,"column":18},"end":{"line":51,"column":52}},"25":{"start":{"line":52,"column":8},"end":{"line":52,"column":72}},"26":{"start":{"line":55,"column":18},"end":{"line":58,"column":null}},"27":{"start":{"line":56,"column":18},"end":{"line":56,"column":151}},"28":{"start":{"line":57,"column":8},"end":{"line":57,"column":77}},"29":{"start":{"line":60,"column":18},"end":{"line":63,"column":null}},"30":{"start":{"line":61,"column":18},"end":{"line":61,"column":158}},"31":{"start":{"line":62,"column":8},"end":{"line":62,"column":77}},"32":{"start":{"line":65,"column":18},"end":{"line":67,"column":null}},"33":{"start":{"line":66,"column":8},"end":{"line":66,"column":136}},"34":{"start":{"line":69,"column":18},"end":{"line":71,"column":null}},"35":{"start":{"line":70,"column":8},"end":{"line":70,"column":115}},"36":{"start":{"line":75,"column":18},"end":{"line":77,"column":null}},"37":{"start":{"line":76,"column":8},"end":{"line":76,"column":106}},"38":{"start":{"line":81,"column":18},"end":{"line":83,"column":null}},"39":{"start":{"line":82,"column":8},"end":{"line":82,"column":102}},"40":{"start":{"line":87,"column":0},"end":{"line":87,"column":null}},"41":{"start":{"line":4,"column":13},"end":{"line":4,"column":29}}},"fnMap":{"0":{"name":"(anonymous_0)","decl":{"start":{"line":4,"column":0},"end":{"line":4,"column":13}},"loc":{"start":{"line":4,"column":0},"end":{"line":87,"column":null}}},"1":{"name":"ApplicationError","decl":{"start":{"line":11,"column":4},"end":{"line":11,"column":16}},"loc":{"start":{"line":11,"column":51},"end":{"line":15,"column":5}}},"2":{"name":"(anonymous_2)","decl":{"start":{"line":18,"column":4},"end":{"line":18,"column":18}},"loc":{"start":{"line":18,"column":61},"end":{"line":21,"column":5}}},"3":{"name":"(anonymous_3)","decl":{"start":{"line":24,"column":4},"end":{"line":24,"column":18}},"loc":{"start":{"line":24,"column":65},"end":{"line":27,"column":5}}},"4":{"name":"(anonymous_4)","decl":{"start":{"line":29,"column":4},"end":{"line":29,"column":18}},"loc":{"start":{"line":29,"column":65},"end":{"line":32,"column":5}}},"5":{"name":"(anonymous_5)","decl":{"start":{"line":35,"column":4},"end":{"line":35,"column":18}},"loc":{"start":{"line":35,"column":54},"end":{"line":38,"column":5}}},"6":{"name":"(anonymous_6)","decl":{"start":{"line":40,"column":4},"end":{"line":40,"column":18}},"loc":{"start":{"line":40,"column":46},"end":{"line":42,"column":5}}},"7":{"name":"(anonymous_7)","decl":{"start":{"line":45,"column":4},"end":{"line":45,"column":18}},"loc":{"start":{"line":45,"column":47},"end":{"line":48,"column":5}}},"8":{"name":"(anonymous_8)","decl":{"start":{"line":50,"column":4},"end":{"line":50,"column":18}},"loc":{"start":{"line":50,"column":52},"end":{"line":53,"column":5}}},"9":{"name":"(anonymous_9)","decl":{"start":{"line":55,"column":4},"end":{"line":55,"column":18}},"loc":{"start":{"line":55,"column":49},"end":{"line":58,"column":5}}},"10":{"name":"(anonymous_10)","decl":{"start":{"line":60,"column":4},"end":{"line":60,"column":18}},"loc":{"start":{"line":60,"column":57},"end":{"line":63,"column":5}}},"11":{"name":"(anonymous_11)","decl":{"start":{"line":65,"column":4},"end":{"line":65,"column":18}},"loc":{"start":{"line":65,"column":43},"end":{"line":67,"column":5}}},"12":{"name":"(anonymous_12)","decl":{"start":{"line":69,"column":4},"end":{"line":69,"column":18}},"loc":{"start":{"line":69,"column":39},"end":{"line":71,"column":5}}},"13":{"name":"(anonymous_13)","decl":{"start":{"line":75,"column":4},"end":{"line":75,"column":18}},"loc":{"start":{"line":75,"column":48},"end":{"line":77,"column":5}}},"14":{"name":"(anonymous_14)","decl":{"start":{"line":81,"column":4},"end":{"line":81,"column":18}},"loc":{"start":{"line":81,"column":4},"end":{"line":83,"column":5}}}},"branchMap":{"0":{"loc":{"start":{"line":11,"column":31},"end":{"line":11,"column":null}},"type":"if","locations":[{"start":{"line":11,"column":31},"end":{"line":11,"column":null}},{"start":{"line":11,"column":31},"end":{"line":11,"column":null}}]}},"s":{"0":2,"1":2,"2":74,"3":72,"4":72,"5":72,"6":2,"7":4,"8":4,"9":2,"10":2,"11":2,"12":2,"13":2,"14":2,"15":2,"16":2,"17":2,"18":2,"19":2,"20":2,"21":16,"22":16,"23":2,"24":3,"25":3,"26":2,"27":18,"28":18,"29":2,"30":14,"31":14,"32":2,"33":6,"34":2,"35":1,"36":2,"37":1,"38":2,"39":1,"40":2,"41":2},"f":{"0":2,"1":72,"2":4,"3":2,"4":2,"5":2,"6":2,"7":16,"8":3,"9":18,"10":14,"11":6,"12":1,"13":1,"14":1},"b":{"0":[2,70]}}
,"/home/lucas/teste/cubos-desafio-tecnico-backend/src/utils/validator.ts": {"path":"/home/lucas/teste/cubos-desafio-tecnico-backend/src/utils/validator.ts","statementMap":{"0":{"start":{"line":3,"column":0},"end":{"line":3,"column":43}},"1":{"start":{"line":9,"column":4},"end":{"line":20,"column":null}},"2":{"start":{"line":10,"column":18},"end":{"line":10,"column":35}},"3":{"start":{"line":11,"column":8},"end":{"line":18,"column":null}},"4":{"start":{"line":12,"column":20},"end":{"line":12,"column":36}},"5":{"start":{"line":13,"column":22},"end":{"line":13,"column":38}},"6":{"start":{"line":14,"column":12},"end":{"line":16,"column":null}},"7":{"start":{"line":15,"column":16},"end":{"line":15,"column":28}},"8":{"start":{"line":21,"column":4},"end":{"line":21,"column":17}},"9":{"start":{"line":7,"column":0},"end":{"line":7,"column":16}},"10":{"start":{"line":29,"column":4},"end":{"line":37,"column":null}},"11":{"start":{"line":30,"column":8},"end":{"line":33,"column":null}},"12":{"start":{"line":30,"column":22},"end":{"line":30,"column":38}},"13":{"start":{"line":30,"column":36},"end":{"line":30,"column":38}},"14":{"start":{"line":30,"column":18},"end":{"line":30,"column":22}},"15":{"start":{"line":32,"column":12},"end":{"line":32,"column":51}},"16":{"start":{"line":35,"column":8},"end":{"line":35,"column":36}},"17":{"start":{"line":36,"column":8},"end":{"line":36,"column":20}},"18":{"start":{"line":38,"column":4},"end":{"line":38,"column":55}},"19":{"start":{"line":26,"column":0},"end":{"line":26,"column":16}},"20":{"start":{"line":43,"column":13},"end":{"line":43,"column":18}},"21":{"start":{"line":44,"column":13},"end":{"line":44,"column":18}},"22":{"start":{"line":46,"column":4},"end":{"line":48,"column":null}},"23":{"start":{"line":47,"column":8},"end":{"line":47,"column":18}},"24":{"start":{"line":49,"column":4},"end":{"line":51,"column":null}},"25":{"start":{"line":50,"column":8},"end":{"line":50,"column":18}},"26":{"start":{"line":52,"column":4},"end":{"line":61,"column":null}},"27":{"start":{"line":53,"column":8},"end":{"line":53,"column":81}},"28":{"start":{"line":55,"column":8},"end":{"line":57,"column":null}},"29":{"start":{"line":56,"column":12},"end":{"line":56,"column":78}},"30":{"start":{"line":58,"column":8},"end":{"line":60,"column":null}},"31":{"start":{"line":59,"column":12},"end":{"line":59,"column":76}},"32":{"start":{"line":63,"column":15},"end":{"line":63,"column":31}},"33":{"start":{"line":64,"column":15},"end":{"line":64,"column":29}},"34":{"start":{"line":66,"column":13},"end":{"line":66,"column":30}},"35":{"start":{"line":67,"column":13},"end":{"line":67,"column":30}},"36":{"start":{"line":68,"column":13},"end":{"line":68,"column":30}},"37":{"start":{"line":69,"column":13},"end":{"line":69,"column":30}},"38":{"start":{"line":71,"column":4},"end":{"line":83,"column":null}},"39":{"start":{"line":72,"column":8},"end":{"line":72,"column":20}},"40":{"start":{"line":75,"column":8},"end":{"line":78,"column":null}},"41":{"start":{"line":76,"column":12},"end":{"line":76,"column":74}},"42":{"start":{"line":80,"column":8},"end":{"line":82,"column":null}},"43":{"start":{"line":81,"column":12},"end":{"line":81,"column":24}},"44":{"start":{"line":86,"column":4},"end":{"line":86,"column":77}},"45":{"start":{"line":42,"column":0},"end":{"line":42,"column":16}},"46":{"start":{"line":92,"column":44},"end":{"line":92,"column":null}},"47":{"start":{"line":94,"column":20},"end":{"line":94,"column":34}},"48":{"start":{"line":97,"column":24},"end":{"line":117,"column":6}},"49":{"start":{"line":98,"column":19},"end":{"line":98,"column":37}},"50":{"start":{"line":99,"column":19},"end":{"line":99,"column":37}},"51":{"start":{"line":100,"column":17},"end":{"line":100,"column":34}},"52":{"start":{"line":101,"column":17},"end":{"line":101,"column":34}},"53":{"start":{"line":102,"column":17},"end":{"line":102,"column":34}},"54":{"start":{"line":103,"column":17},"end":{"line":103,"column":34}},"55":{"start":{"line":106,"column":8},"end":{"line":115,"column":null}},"56":{"start":{"line":107,"column":12},"end":{"line":107,"column":22}},"57":{"start":{"line":109,"column":12},"end":{"line":111,"column":null}},"58":{"start":{"line":110,"column":16},"end":{"line":110,"column":26}},"59":{"start":{"line":112,"column":12},"end":{"line":114,"column":null}},"60":{"start":{"line":113,"column":16},"end":{"line":113,"column":25}},"61":{"start":{"line":116,"column":8},"end":{"line":116,"column":17}},"62":{"start":{"line":121,"column":4},"end":{"line":145,"column":7}},"63":{"start":{"line":122,"column":19},"end":{"line":122,"column":37}},"64":{"start":{"line":123,"column":19},"end":{"line":123,"column":35}},"65":{"start":{"line":124,"column":17},"end":{"line":124,"column":34}},"66":{"start":{"line":125,"column":17},"end":{"line":125,"column":34}},"67":{"start":{"line":126,"column":17},"end":{"line":126,"column":34}},"68":{"start":{"line":127,"column":17},"end":{"line":127,"column":34}},"69":{"start":{"line":129,"column":8},"end":{"line":143,"column":null}},"70":{"start":{"line":130,"column":12},"end":{"line":134,"column":null}},"71":{"start":{"line":131,"column":16},"end":{"line":131,"column":81}},"72":{"start":{"line":133,"column":16},"end":{"line":133,"column":73}},"73":{"start":{"line":136,"column":12},"end":{"line":142,"column":null}},"74":{"start":{"line":137,"column":16},"end":{"line":141,"column":null}},"75":{"start":{"line":138,"column":20},"end":{"line":138,"column":85}},"76":{"start":{"line":140,"column":20},"end":{"line":140,"column":77}},"77":{"start":{"line":144,"column":8},"end":{"line":144,"column":17}},"78":{"start":{"line":92,"column":0},"end":{"line":92,"column":16}},"79":{"start":{"line":154,"column":12},"end":{"line":154,"column":42}},"80":{"start":{"line":155,"column":4},"end":{"line":167,"column":null}},"81":{"start":{"line":156,"column":26},"end":{"line":156,"column":36}},"82":{"start":{"line":157,"column":8},"end":{"line":157,"column":41}},"83":{"start":{"line":159,"column":8},"end":{"line":161,"column":null}},"84":{"start":{"line":160,"column":12},"end":{"line":160,"column":72}},"85":{"start":{"line":166,"column":8},"end":{"line":166,"column":17}},"86":{"start":{"line":152,"column":0},"end":{"line":152,"column":16}},"87":{"start":{"line":170,"column":49},"end":{"line":170,"column":null}},"88":{"start":{"line":173,"column":14},"end":{"line":173,"column":29}},"89":{"start":{"line":174,"column":4},"end":{"line":187,"column":null}},"90":{"start":{"line":175,"column":18},"end":{"line":175,"column":34}},"91":{"start":{"line":176,"column":20},"end":{"line":176,"column":36}},"92":{"start":{"line":177,"column":19},"end":{"line":177,"column":35}},"93":{"start":{"line":178,"column":16},"end":{"line":178,"column":56}},"94":{"start":{"line":179,"column":8},"end":{"line":186,"column":null}},"95":{"start":{"line":180,"column":12},"end":{"line":185,"column":null}},"96":{"start":{"line":181,"column":16},"end":{"line":181,"column":25}},"97":{"start":{"line":183,"column":16},"end":{"line":183,"column":71}},"98":{"start":{"line":188,"column":4},"end":{"line":188,"column":59}},"99":{"start":{"line":170,"column":0},"end":{"line":170,"column":16}},"100":{"start":{"line":196,"column":4},"end":{"line":205,"column":null}},"101":{"start":{"line":197,"column":8},"end":{"line":201,"column":11}},"102":{"start":{"line":198,"column":12},"end":{"line":200,"column":null}},"103":{"start":{"line":199,"column":16},"end":{"line":199,"column":64}},"104":{"start":{"line":202,"column":8},"end":{"line":202,"column":20}},"105":{"start":{"line":204,"column":8},"end":{"line":204,"column":56}},"106":{"start":{"line":193,"column":0},"end":{"line":193,"column":16}}},"fnMap":{"0":{"name":"validateStringInterval","decl":{"start":{"line":7,"column":16},"end":{"line":7,"column":38}},"loc":{"start":{"line":7,"column":53},"end":{"line":23,"column":1}}},"1":{"name":"validateIntervals","decl":{"start":{"line":26,"column":16},"end":{"line":26,"column":33}},"loc":{"start":{"line":26,"column":48},"end":{"line":40,"column":1}}},"2":{"name":"validateInterval","decl":{"start":{"line":42,"column":16},"end":{"line":42,"column":32}},"loc":{"start":{"line":42,"column":75},"end":{"line":88,"column":1}}},"3":{"name":"validateIntervalUnion","decl":{"start":{"line":92,"column":16},"end":{"line":92,"column":37}},"loc":{"start":{"line":92,"column":64},"end":{"line":147,"column":1}}},"4":{"name":"(anonymous_6)","decl":{"start":{"line":97,"column":39},"end":{"line":97,"column":40}},"loc":{"start":{"line":97,"column":44},"end":{"line":117,"column":5}}},"5":{"name":"(anonymous_7)","decl":{"start":{"line":121,"column":23},"end":{"line":121,"column":24}},"loc":{"start":{"line":121,"column":28},"end":{"line":145,"column":5}}},"6":{"name":"validateDate","decl":{"start":{"line":152,"column":16},"end":{"line":152,"column":28}},"loc":{"start":{"line":152,"column":47},"end":{"line":168,"column":1}}},"7":{"name":"validateDateString","decl":{"start":{"line":170,"column":16},"end":{"line":170,"column":34}},"loc":{"start":{"line":170,"column":60},"end":{"line":189,"column":1}}},"8":{"name":"validateDaysInWeek","decl":{"start":{"line":193,"column":16},"end":{"line":193,"column":34}},"loc":{"start":{"line":193,"column":39},"end":{"line":206,"column":1}}},"9":{"name":"(anonymous_11)","decl":{"start":{"line":197,"column":31},"end":{"line":197,"column":32}},"loc":{"start":{"line":197,"column":48},"end":{"line":201,"column":9}}}},"branchMap":{"0":{"loc":{"start":{"line":11,"column":8},"end":{"line":18,"column":null}},"type":"if","locations":[{"start":{"line":11,"column":8},"end":{"line":18,"column":null}},{"start":{"line":11,"column":8},"end":{"line":18,"column":null}}]},"1":{"loc":{"start":{"line":14,"column":12},"end":{"line":16,"column":null}},"type":"if","locations":[{"start":{"line":14,"column":12},"end":{"line":16,"column":null}},{"start":{"line":14,"column":12},"end":{"line":16,"column":null}}]},"2":{"loc":{"start":{"line":14,"column":17},"end":{"line":14,"column":23}},"type":"binary-expr","locations":[{"start":{"line":14,"column":17},"end":{"line":14,"column":23}},{"start":{"line":14,"column":27},"end":{"line":14,"column":33}},{"start":{"line":14,"column":39},"end":{"line":14,"column":47}},{"start":{"line":14,"column":51},"end":{"line":14,"column":59}}]},"3":{"loc":{"start":{"line":29,"column":4},"end":{"line":37,"column":null}},"type":"if","locations":[{"start":{"line":29,"column":4},"end":{"line":37,"column":null}},{"start":{"line":29,"column":4},"end":{"line":37,"column":null}}]},"4":{"loc":{"start":{"line":29,"column":8},"end":{"line":29,"column":37}},"type":"binary-expr","locations":[{"start":{"line":29,"column":8},"end":{"line":29,"column":37}},{"start":{"line":29,"column":41},"end":{"line":29,"column":66}}]},"5":{"loc":{"start":{"line":46,"column":4},"end":{"line":48,"column":null}},"type":"if","locations":[{"start":{"line":46,"column":4},"end":{"line":48,"column":null}},{"start":{"line":46,"column":4},"end":{"line":48,"column":null}}]},"6":{"loc":{"start":{"line":49,"column":4},"end":{"line":51,"column":null}},"type":"if","locations":[{"start":{"line":49,"column":4},"end":{"line":51,"column":null}},{"start":{"line":49,"column":4},"end":{"line":51,"column":null}}]},"7":{"loc":{"start":{"line":52,"column":4},"end":{"line":61,"column":null}},"type":"if","locations":[{"start":{"line":52,"column":4},"end":{"line":61,"column":null}},{"start":{"line":52,"column":4},"end":{"line":61,"column":null}}]},"8":{"loc":{"start":{"line":52,"column":8},"end":{"line":52,"column":10}},"type":"binary-expr","locations":[{"start":{"line":52,"column":8},"end":{"line":52,"column":10}},{"start":{"line":52,"column":14},"end":{"line":52,"column":16}}]},"9":{"loc":{"start":{"line":55,"column":8},"end":{"line":57,"column":null}},"type":"if","locations":[{"start":{"line":55,"column":8},"end":{"line":57,"column":null}},{"start":{"line":55,"column":8},"end":{"line":57,"column":null}}]},"10":{"loc":{"start":{"line":58,"column":8},"end":{"line":60,"column":null}},"type":"if","locations":[{"start":{"line":58,"column":8},"end":{"line":60,"column":null}},{"start":{"line":58,"column":8},"end":{"line":60,"column":null}}]},"11":{"loc":{"start":{"line":71,"column":4},"end":{"line":83,"column":null}},"type":"if","locations":[{"start":{"line":71,"column":4},"end":{"line":83,"column":null}},{"start":{"line":71,"column":4},"end":{"line":83,"column":null}}]},"12":{"loc":{"start":{"line":75,"column":8},"end":{"line":78,"column":null}},"type":"if","locations":[{"start":{"line":75,"column":8},"end":{"line":78,"column":null}},{"start":{"line":75,"column":8},"end":{"line":78,"column":null}}]},"13":{"loc":{"start":{"line":75,"column":12},"end":{"line":75,"column":20}},"type":"binary-expr","locations":[{"start":{"line":75,"column":12},"end":{"line":75,"column":20}},{"start":{"line":75,"column":24},"end":{"line":75,"column":32}}]},"14":{"loc":{"start":{"line":80,"column":8},"end":{"line":82,"column":null}},"type":"if","locations":[{"start":{"line":80,"column":8},"end":{"line":82,"column":null}},{"start":{"line":80,"column":8},"end":{"line":82,"column":null}}]},"15":{"loc":{"start":{"line":80,"column":12},"end":{"line":80,"column":20}},"type":"binary-expr","locations":[{"start":{"line":80,"column":12},"end":{"line":80,"column":20}},{"start":{"line":80,"column":24},"end":{"line":80,"column":31}}]},"16":{"loc":{"start":{"line":92,"column":44},"end":{"line":92,"column":null}},"type":"if","locations":[{"start":{"line":92,"column":44},"end":{"line":92,"column":null}},{"start":{"line":92,"column":44},"end":{"line":92,"column":null}}]},"17":{"loc":{"start":{"line":106,"column":8},"end":{"line":115,"column":null}},"type":"if","locations":[{"start":{"line":106,"column":8},"end":{"line":115,"column":null}},{"start":{"line":106,"column":8},"end":{"line":115,"column":null}}]},"18":{"loc":{"start":{"line":109,"column":12},"end":{"line":111,"column":null}},"type":"if","locations":[{"start":{"line":109,"column":12},"end":{"line":111,"column":null}},{"start":{"line":109,"column":12},"end":{"line":111,"column":null}}]},"19":{"loc":{"start":{"line":109,"column":16},"end":{"line":109,"column":24}},"type":"binary-expr","locations":[{"start":{"line":109,"column":16},"end":{"line":109,"column":24}},{"start":{"line":109,"column":28},"end":{"line":109,"column":35}}]},"20":{"loc":{"start":{"line":112,"column":12},"end":{"line":114,"column":null}},"type":"if","locations":[{"start":{"line":112,"column":12},"end":{"line":114,"column":null}},{"start":{"line":112,"column":12},"end":{"line":114,"column":null}}]},"21":{"loc":{"start":{"line":112,"column":16},"end":{"line":112,"column":23}},"type":"binary-expr","locations":[{"start":{"line":112,"column":16},"end":{"line":112,"column":23}},{"start":{"line":112,"column":27},"end":{"line":112,"column":34}}]},"22":{"loc":{"start":{"line":129,"column":8},"end":{"line":143,"column":null}},"type":"if","locations":[{"start":{"line":129,"column":8},"end":{"line":143,"column":null}},{"start":{"line":129,"column":8},"end":{"line":143,"column":null}}]},"23":{"loc":{"start":{"line":130,"column":12},"end":{"line":134,"column":null}},"type":"if","locations":[{"start":{"line":130,"column":12},"end":{"line":134,"column":null}},{"start":{"line":130,"column":12},"end":{"line":134,"column":null}}]},"24":{"loc":{"start":{"line":136,"column":12},"end":{"line":142,"column":null}},"type":"if","locations":[{"start":{"line":136,"column":12},"end":{"line":142,"column":null}},{"start":{"line":136,"column":12},"end":{"line":142,"column":null}}]},"25":{"loc":{"start":{"line":136,"column":16},"end":{"line":136,"column":24}},"type":"binary-expr","locations":[{"start":{"line":136,"column":16},"end":{"line":136,"column":24}},{"start":{"line":136,"column":28},"end":{"line":136,"column":35}}]},"26":{"loc":{"start":{"line":137,"column":16},"end":{"line":141,"column":null}},"type":"if","locations":[{"start":{"line":137,"column":16},"end":{"line":141,"column":null}},{"start":{"line":137,"column":16},"end":{"line":141,"column":null}}]},"27":{"loc":{"start":{"line":155,"column":4},"end":{"line":167,"column":null}},"type":"if","locations":[{"start":{"line":155,"column":4},"end":{"line":167,"column":null}},{"start":{"line":155,"column":4},"end":{"line":167,"column":null}}]},"28":{"loc":{"start":{"line":159,"column":8},"end":{"line":161,"column":null}},"type":"if","locations":[{"start":{"line":159,"column":8},"end":{"line":161,"column":null}},{"start":{"line":159,"column":8},"end":{"line":161,"column":null}}]},"29":{"loc":{"start":{"line":170,"column":49},"end":{"line":170,"column":null}},"type":"if","locations":[{"start":{"line":170,"column":49},"end":{"line":170,"column":null}},{"start":{"line":170,"column":49},"end":{"line":170,"column":null}}]},"30":{"loc":{"start":{"line":174,"column":4},"end":{"line":187,"column":null}},"type":"if","locations":[{"start":{"line":174,"column":4},"end":{"line":187,"column":null}},{"start":{"line":174,"column":4},"end":{"line":187,"column":null}}]},"31":{"loc":{"start":{"line":179,"column":8},"end":{"line":186,"column":null}},"type":"if","locations":[{"start":{"line":179,"column":8},"end":{"line":186,"column":null}},{"start":{"line":179,"column":8},"end":{"line":186,"column":null}}]},"32":{"loc":{"start":{"line":180,"column":12},"end":{"line":185,"column":null}},"type":"if","locations":[{"start":{"line":180,"column":12},"end":{"line":185,"column":null}},{"start":{"line":180,"column":12},"end":{"line":185,"column":null}}]},"33":{"loc":{"start":{"line":196,"column":4},"end":{"line":205,"column":null}},"type":"if","locations":[{"start":{"line":196,"column":4},"end":{"line":205,"column":null}},{"start":{"line":196,"column":4},"end":{"line":205,"column":null}}]},"34":{"loc":{"start":{"line":196,"column":8},"end":{"line":196,"column":38}},"type":"binary-expr","locations":[{"start":{"line":196,"column":8},"end":{"line":196,"column":38}},{"start":{"line":196,"column":43},"end":{"line":196,"column":69}},{"start":{"line":196,"column":73},"end":{"line":196,"column":100}}]},"35":{"loc":{"start":{"line":198,"column":12},"end":{"line":200,"column":null}},"type":"if","locations":[{"start":{"line":198,"column":12},"end":{"line":200,"column":null}},{"start":{"line":198,"column":12},"end":{"line":200,"column":null}}]},"36":{"loc":{"start":{"line":198,"column":16},"end":{"line":198,"column":23}},"type":"binary-expr","locations":[{"start":{"line":198,"column":16},"end":{"line":198,"column":23}},{"start":{"line":198,"column":27},"end":{"line":198,"column":53}}]}},"s":{"0":2,"1":100,"2":100,"3":100,"4":98,"5":98,"6":98,"7":89,"8":11,"9":2,"10":20,"11":19,"12":19,"13":19,"14":39,"15":39,"16":19,"17":13,"18":1,"19":2,"20":45,"21":45,"22":45,"23":2,"24":45,"25":2,"26":45,"27":1,"28":44,"29":1,"30":43,"31":1,"32":42,"33":42,"34":42,"35":42,"36":42,"37":42,"38":42,"39":6,"40":36,"41":1,"42":35,"43":34,"44":1,"45":2,"46":67,"47":48,"48":48,"49":101,"50":101,"51":101,"52":101,"53":101,"54":101,"55":101,"56":2,"57":99,"58":9,"59":90,"60":76,"61":14,"62":48,"63":79,"64":79,"65":79,"66":79,"67":79,"68":79,"69":79,"70":4,"71":2,"72":2,"73":75,"74":16,"75":7,"76":9,"77":59,"78":2,"79":25,"80":14,"81":14,"82":14,"83":14,"84":2,"85":12,"86":2,"87":25,"88":25,"89":25,"90":24,"91":24,"92":24,"93":24,"94":24,"95":15,"96":14,"97":1,"98":10,"99":2,"100":8,"101":7,"102":23,"103":2,"104":5,"105":1,"106":2},"f":{"0":100,"1":20,"2":45,"3":48,"4":101,"5":79,"6":25,"7":25,"8":8,"9":23},"b":{"0":[98,2],"1":[89,9],"2":[98,96,91,90],"3":[19,1],"4":[20,20],"5":[2,43],"6":[2,43],"7":[1,44],"8":[45,2],"9":[1,43],"10":[1,42],"11":[6,36],"12":[1,35],"13":[36,36],"14":[34,1],"15":[35,35],"16":[19,29],"17":[2,99],"18":[9,90],"19":[99,74],"20":[76,14],"21":[90,65],"22":[4,75],"23":[2,2],"24":[16,59],"25":[75,58],"26":[7,9],"27":[14,0],"28":[2,12],"29":[0,25],"30":[24,1],"31":[15,9],"32":[14,1],"33":[7,1],"34":[8,8,8],"35":[2,21],"36":[23,22]}}
}
