TN:
SF:src/routes.ts
FNF:0
FNH:0
DA:1,1
DA:2,1
DA:4,1
DA:5,1
DA:6,1
DA:7,1
DA:8,1
DA:13,1
LF:8
LH:8
BRF:0
BRH:0
end_of_record
TN:
SF:src/server.ts
FN:11,(anonymous_1)
FN:14,Server
FN:22,(anonymous_3)
FN:25,(anonymous_4)
FN:28,(anonymous_5)
FN:32,(anonymous_6)
FNF:6
FNH:4
FNDA:1,(anonymous_1)
FNDA:4,Server
FNDA:0,(anonymous_3)
FNDA:0,(anonymous_4)
FNDA:4,(anonymous_5)
FNDA:4,(anonymous_6)
DA:1,1
DA:3,1
DA:4,1
DA:11,1
DA:15,4
DA:16,4
DA:17,4
DA:22,1
DA:23,0
DA:24,0
DA:25,0
DA:28,1
DA:29,4
DA:32,1
DA:33,4
DA:37,1
LF:16
LH:13
BRF:0
BRH:0
end_of_record
TN:
SF:src/controller/scheduleController.ts
FN:6,(anonymous_14)
FN:12,(anonymous_16)
FN:33,(anonymous_19)
FN:44,(anonymous_22)
FN:49,(anonymous_25)
FNF:5
FNH:5
FNDA:2,(anonymous_14)
FNDA:14,(anonymous_16)
FNDA:2,(anonymous_19)
FNDA:1,(anonymous_22)
FNDA:10,(anonymous_25)
DA:3,1
DA:6,1
DA:12,1
DA:13,14
DA:17,14
DA:18,3
DA:20,11
DA:23,14
DA:24,5
DA:25,5
DA:28,9
DA:33,1
DA:35,2
DA:36,1
DA:38,1
DA:44,1
DA:45,1
DA:49,1
DA:51,10
DA:52,10
DA:54,10
DA:55,10
DA:56,2
DA:58,8
DA:61,8
DA:65,1
DA:67,1
LF:27
LH:27
BRDA:17,0,0,3
BRDA:17,0,1,11
BRDA:24,1,0,5
BRDA:24,1,1,0
BRF:4
BRH:3
end_of_record
TN:
SF:src/dao/scheduleDao.ts
FN:6,(anonymous_3)
FN:13,(anonymous_5)
FN:20,(anonymous_6)
FN:48,(anonymous_7)
FN:53,(anonymous_8)
FN:70,(anonymous_9)
FN:84,(anonymous_10)
FN:136,(anonymous_11)
FNF:8
FNH:8
FNDA:2,(anonymous_3)
FNDA:5,(anonymous_5)
FNDA:1,(anonymous_6)
FNDA:2,(anonymous_7)
FNDA:13,(anonymous_8)
FNDA:17,(anonymous_9)
FNDA:2,(anonymous_10)
FNDA:213,(anonymous_11)
DA:1,1
DA:3,1
DA:4,1
DA:6,1
DA:8,1
DA:13,1
DA:15,5
DA:19,5
DA:20,1
DA:21,1
DA:24,4
DA:25,4
DA:26,4
DA:27,4
DA:28,4
DA:33,4
DA:35,4
DA:36,4
DA:38,0
DA:41,5
DA:44,0
DA:48,1
DA:49,2
DA:50,2
DA:53,2
DA:54,13
DA:55,1
DA:56,1
DA:58,12
DA:61,2
DA:62,1
DA:63,1
DA:65,1
DA:70,1
DA:71,17
DA:72,17
DA:73,16
DA:74,16
DA:76,0
DA:79,1
DA:84,1
DA:89,2
DA:90,2
DA:91,2
DA:92,2
DA:93,2
DA:94,67
DA:95,402
DA:97,402
DA:99,134
DA:101,402
DA:103,134
DA:104,1
DA:108,402
DA:109,134
DA:110,78
DA:116,2
DA:117,67
DA:118,67
DA:124,2
DA:127,0
DA:130,0
DA:136,1
DA:137,213
DA:138,213
DA:139,146
DA:141,213
DA:146,1
DA:148,1
LF:69
LH:64
BRDA:19,0,0,1
BRDA:19,0,1,4
BRDA:21,1,0,0
BRDA:21,1,1,1
BRDA:26,2,0,4
BRDA:26,2,1,0
BRDA:33,3,0,4
BRDA:33,3,1,0
BRDA:54,4,0,1
BRDA:54,4,1,12
BRDA:61,5,0,1
BRDA:61,5,1,1
BRDA:73,6,0,16
BRDA:73,6,1,0
BRDA:91,7,0,2
BRDA:91,7,1,0
BRDA:97,8,0,134
BRDA:97,8,1,268
BRDA:101,9,0,134
BRDA:101,9,1,268
BRDA:103,10,0,1
BRDA:103,10,1,133
BRDA:108,11,0,134
BRDA:108,11,1,268
BRDA:109,12,0,78
BRDA:109,12,1,56
BRDA:138,13,0,146
BRDA:138,13,1,67
BRF:28
BRH:23
end_of_record
TN:
SF:src/model/schedule.ts
FN:4,(anonymous_0)
FN:12,Schedule
FN:21,(anonymous_2)
FN:27,(anonymous_3)
FNF:4
FNH:4
FNDA:1,(anonymous_0)
FNDA:11,Schedule
FNDA:11,(anonymous_2)
FNDA:33,(anonymous_3)
DA:4,1
DA:13,11
DA:14,11
DA:15,11
DA:16,11
DA:17,11
DA:21,1
DA:22,11
DA:23,11
DA:24,11
DA:25,11
DA:27,1
DA:28,33
DA:29,33
DA:30,33
DA:32,1
LF:16
LH:16
BRF:0
BRH:0
end_of_record
TN:
SF:src/service/scheduleService.ts
FN:9,(anonymous_3)
FN:12,(anonymous_5)
FN:53,(anonymous_6)
FN:112,(anonymous_7)
FN:117,(anonymous_8)
FN:121,(anonymous_9)
FN:149,(anonymous_10)
FNF:7
FNH:7
FNDA:2,(anonymous_3)
FNDA:14,(anonymous_5)
FNDA:11,(anonymous_6)
FNDA:2,(anonymous_7)
FNDA:15,(anonymous_8)
FNDA:10,(anonymous_9)
FNDA:68,(anonymous_10)
DA:2,1
DA:3,1
DA:4,1
DA:5,1
DA:6,1
DA:9,1
DA:12,1
DA:14,14
DA:15,14
DA:16,16
DA:19,16
DA:20,12
DA:21,12
DA:23,5
DA:24,5
DA:25,3
DA:26,3
DA:30,3
DA:31,3
DA:32,3
DA:33,2
DA:34,2
DA:38,3
DA:39,3
DA:40,3
DA:41,2
DA:42,2
DA:45,1
DA:48,5
DA:49,5
DA:53,1
DA:55,11
DA:56,28
DA:57,28
DA:59,14
DA:62,10
DA:63,10
DA:65,10
DA:67,12
DA:73,6
DA:74,3
DA:76,3
DA:77,3
DA:81,6
DA:82,5
DA:83,5
DA:84,5
DA:86,5
DA:87,5
DA:91,5
DA:94,8
DA:95,2
DA:96,1
DA:98,1
DA:99,1
DA:102,7
DA:112,1
DA:113,2
DA:114,1
DA:117,1
DA:118,15
DA:121,1
DA:122,10
DA:123,5
DA:124,3
DA:125,3
DA:127,3
DA:134,3
DA:135,2
DA:136,65
DA:137,65
DA:139,2
DA:140,2
DA:142,1
DA:149,1
DA:150,68
DA:151,68
DA:152,68
DA:153,68
DA:154,68
DA:155,22
DA:157,68
DA:158,35
DA:160,68
DA:163,1
DA:166,1
LF:86
LH:86
BRDA:22,0,0,5
BRDA:22,0,1,3
BRDA:22,0,2,3
BRDA:22,0,3,1
BRDA:55,1,0,10
BRDA:55,1,1,1
BRDA:55,2,0,11
BRDA:55,2,1,11
BRDA:58,3,0,14
BRDA:58,3,1,6
BRDA:58,3,2,8
BRDA:59,4,0,10
BRDA:59,4,1,4
BRDA:59,5,0,14
BRDA:59,5,1,8
BRDA:73,6,0,3
BRDA:73,6,1,3
BRDA:81,7,0,2
BRDA:81,7,1,4
BRDA:83,8,0,5
BRDA:83,8,1,0
BRDA:94,9,0,2
BRDA:94,9,1,6
BRDA:95,10,0,1
BRDA:95,10,1,1
BRDA:134,11,0,2
BRDA:134,11,1,1
BRDA:154,12,0,22
BRDA:154,12,1,46
BRDA:157,13,0,35
BRDA:157,13,1,33
BRF:31
BRH:30
end_of_record
TN:
SF:src/utils/enums.ts
FN:1,(anonymous_0)
FN:10,(anonymous_1)
FNF:2
FNH:2
FNDA:2,(anonymous_0)
FNDA:2,(anonymous_1)
DA:1,2
DA:2,2
DA:3,2
DA:4,2
DA:5,2
DA:6,2
DA:7,2
DA:10,2
DA:11,2
DA:12,2
DA:13,2
LF:11
LH:11
BRDA:1,0,0,2
BRDA:1,0,1,2
BRDA:10,1,0,2
BRDA:10,1,1,2
BRF:4
BRH:4
end_of_record
TN:
SF:src/utils/error.ts
FN:4,(anonymous_0)
FN:11,ApplicationError
FN:18,(anonymous_2)
FN:24,(anonymous_3)
FN:29,(anonymous_4)
FN:35,(anonymous_5)
FN:40,(anonymous_6)
FN:45,(anonymous_7)
FN:50,(anonymous_8)
FN:55,(anonymous_9)
FN:60,(anonymous_10)
FN:65,(anonymous_11)
FN:69,(anonymous_12)
FN:75,(anonymous_13)
FN:81,(anonymous_14)
FNF:15
FNH:15
FNDA:2,(anonymous_0)
FNDA:72,ApplicationError
FNDA:4,(anonymous_2)
FNDA:2,(anonymous_3)
FNDA:2,(anonymous_4)
FNDA:2,(anonymous_5)
FNDA:2,(anonymous_6)
FNDA:16,(anonymous_7)
FNDA:3,(anonymous_8)
FNDA:18,(anonymous_9)
FNDA:14,(anonymous_10)
FNDA:6,(anonymous_11)
FNDA:1,(anonymous_12)
FNDA:1,(anonymous_13)
FNDA:1,(anonymous_14)
DA:2,2
DA:4,2
DA:11,74
DA:12,72
DA:13,72
DA:14,72
DA:18,2
DA:19,4
DA:20,4
DA:24,2
DA:25,2
DA:26,2
DA:29,2
DA:30,2
DA:31,2
DA:35,2
DA:36,2
DA:37,2
DA:40,2
DA:41,2
DA:45,2
DA:46,16
DA:47,16
DA:50,2
DA:51,3
DA:52,3
DA:55,2
DA:56,18
DA:57,18
DA:60,2
DA:61,14
DA:62,14
DA:65,2
DA:66,6
DA:69,2
DA:70,1
DA:75,2
DA:76,1
DA:81,2
DA:82,1
DA:87,2
LF:41
LH:41
BRDA:11,0,0,2
BRDA:11,0,1,70
BRF:2
BRH:2
end_of_record
TN:
SF:src/utils/validator.ts
FN:7,validateStringInterval
FN:26,validateIntervals
FN:42,validateInterval
FN:92,validateIntervalUnion
FN:97,(anonymous_6)
FN:121,(anonymous_7)
FN:152,validateDate
FN:170,validateDateString
FN:193,validateDaysInWeek
FN:197,(anonymous_11)
FNF:10
FNH:10
FNDA:100,validateStringInterval
FNDA:20,validateIntervals
FNDA:45,validateInterval
FNDA:48,validateIntervalUnion
FNDA:101,(anonymous_6)
FNDA:79,(anonymous_7)
FNDA:25,validateDate
FNDA:25,validateDateString
FNDA:8,validateDaysInWeek
FNDA:23,(anonymous_11)
DA:3,2
DA:7,2
DA:9,100
DA:10,100
DA:11,100
DA:12,98
DA:13,98
DA:14,98
DA:15,89
DA:21,11
DA:26,2
DA:29,20
DA:30,39
DA:32,39
DA:35,19
DA:36,13
DA:38,1
DA:42,2
DA:43,45
DA:44,45
DA:46,45
DA:47,2
DA:49,45
DA:50,2
DA:52,45
DA:53,1
DA:55,44
DA:56,1
DA:58,43
DA:59,1
DA:63,42
DA:64,42
DA:66,42
DA:67,42
DA:68,42
DA:69,42
DA:71,42
DA:72,6
DA:75,36
DA:76,1
DA:80,35
DA:81,34
DA:86,1
DA:92,67
DA:94,48
DA:97,48
DA:98,101
DA:99,101
DA:100,101
DA:101,101
DA:102,101
DA:103,101
DA:106,101
DA:107,2
DA:109,99
DA:110,9
DA:112,90
DA:113,76
DA:116,14
DA:121,48
DA:122,79
DA:123,79
DA:124,79
DA:125,79
DA:126,79
DA:127,79
DA:129,79
DA:130,4
DA:131,2
DA:133,2
DA:136,75
DA:137,16
DA:138,7
DA:140,9
DA:144,59
DA:152,2
DA:154,25
DA:155,14
DA:156,14
DA:157,14
DA:159,14
DA:160,2
DA:166,12
DA:170,25
DA:173,25
DA:174,25
DA:175,24
DA:176,24
DA:177,24
DA:178,24
DA:179,24
DA:180,15
DA:181,14
DA:183,1
DA:188,10
DA:193,2
DA:196,8
DA:197,7
DA:198,23
DA:199,2
DA:202,5
DA:204,1
LF:102
LH:102
BRDA:11,0,0,98
BRDA:11,0,1,2
BRDA:14,1,0,89
BRDA:14,1,1,9
BRDA:14,2,0,98
BRDA:14,2,1,96
BRDA:14,2,2,91
BRDA:14,2,3,90
BRDA:29,3,0,19
BRDA:29,3,1,1
BRDA:29,4,0,20
BRDA:29,4,1,20
BRDA:46,5,0,2
BRDA:46,5,1,43
BRDA:49,6,0,2
BRDA:49,6,1,43
BRDA:52,7,0,1
BRDA:52,7,1,44
BRDA:52,8,0,45
BRDA:52,8,1,2
BRDA:55,9,0,1
BRDA:55,9,1,43
BRDA:58,10,0,1
BRDA:58,10,1,42
BRDA:71,11,0,6
BRDA:71,11,1,36
BRDA:75,12,0,1
BRDA:75,12,1,35
BRDA:75,13,0,36
BRDA:75,13,1,36
BRDA:80,14,0,34
BRDA:80,14,1,1
BRDA:80,15,0,35
BRDA:80,15,1,35
BRDA:92,16,0,19
BRDA:92,16,1,29
BRDA:106,17,0,2
BRDA:106,17,1,99
BRDA:109,18,0,9
BRDA:109,18,1,90
BRDA:109,19,0,99
BRDA:109,19,1,74
BRDA:112,20,0,76
BRDA:112,20,1,14
BRDA:112,21,0,90
BRDA:112,21,1,65
BRDA:129,22,0,4
BRDA:129,22,1,75
BRDA:130,23,0,2
BRDA:130,23,1,2
BRDA:136,24,0,16
BRDA:136,24,1,59
BRDA:136,25,0,75
BRDA:136,25,1,58
BRDA:137,26,0,7
BRDA:137,26,1,9
BRDA:155,27,0,14
BRDA:155,27,1,0
BRDA:159,28,0,2
BRDA:159,28,1,12
BRDA:170,29,0,0
BRDA:170,29,1,25
BRDA:174,30,0,24
BRDA:174,30,1,1
BRDA:179,31,0,15
BRDA:179,31,1,9
BRDA:180,32,0,14
BRDA:180,32,1,1
BRDA:196,33,0,7
BRDA:196,33,1,1
BRDA:196,34,0,8
BRDA:196,34,1,8
BRDA:196,34,2,8
BRDA:198,35,0,2
BRDA:198,35,1,21
BRDA:198,36,0,23
BRDA:198,36,1,22
BRF:77
BRH:75
end_of_record
